Log file open, 10/25/19 11:28:06
LogWindows: Failed to load 'aqProf.dll' (GetLastError=126)
LogWindows: File 'aqProf.dll' does not exist
LogWindows: Failed to load 'VtuneApi.dll' (GetLastError=126)
LogWindows: File 'VtuneApi.dll' does not exist
LogWindows: Failed to load 'VtuneApi32e.dll' (GetLastError=126)
LogWindows: File 'VtuneApi32e.dll' does not exist
LogInit: Display: Running engine for game: Aurora
LogPlatformFile: Not using cached read wrapper
LogInit: Display: RandInit(1192810636) SRandInit(1192810637).
LogInit: Read version file with build ID '3944462'
LogInit: Overriding engine version to CL 4033788, compatible CL 3944462
LogInit: Registered custom module enumerator with build ID '3944462'
LogTaskGraph: Started task graph with 5 named threads and 23 total threads with 3 sets of task threads.
LogStats: Stats thread started at 0.386706
LogD3D11RHI: Aftermath initialized
LogICUInternationalization: Display: ICU TimeZone Detection - Raw Offset: -6:00, Platform Override: ''
LogModuleManager: Display: Found up-to-date module file ../../../Engine/Plugins/2D/Paper2D/Binaries/Win64/UE4Editor-Paper2D.dll (API version 3944462).
LogModuleManager: Display: Found up-to-date module file ../../../Engine/Plugins/2D/Paper2D/Binaries/Win64/UE4Editor-Paper2DEditor.dll (API version 3944462).
LogModuleManager: Display: Found up-to-date module file ../../../Engine/Plugins/2D/Paper2D/Binaries/Win64/UE4Editor-PaperSpriteSheetImporter.dll (API version 3944462).
LogModuleManager: Display: Found up-to-date module file ../../../Engine/Plugins/2D/Paper2D/Binaries/Win64/UE4Editor-PaperTiledImporter.dll (API version 3944462).
LogModuleManager: Display: Found up-to-date module file ../../../Engine/Plugins/2D/Paper2D/Binaries/Win64/UE4Editor-SmartSnapping.dll (API version 3944462).
LogModuleManager: Display: Found up-to-date module file ../../../Engine/Plugins/Blendables/LightPropagationVolume/Binaries/Win64/UE4Editor-LightPropagationVolumeRuntime.dll (API version 3944462).
LogModuleManager: Display: Found up-to-date module file ../../../Engine/Plugins/Blendables/LightPropagationVolume/Binaries/Win64/UE4Editor-LightPropagationVolumeEditor.dll (API version 3944462).
LogModuleManager: Display: Found up-to-date module file ../../../Engine/Plugins/Developer/CLionSourceCodeAccess/Binaries/Win64/UE4Editor-CLionSourceCodeAccess.dll (API version 3944462).
LogModuleManager: Display: Found up-to-date module file ../../../Engine/Plugins/Developer/GitSourceControl/Binaries/Win64/UE4Editor-GitSourceControl.dll (API version 3944462).
LogModuleManager: Display: Found up-to-date module file ../../../Engine/Plugins/Developer/PerforceSourceControl/Binaries/Win64/UE4Editor-PerforceSourceControl.dll (API version 3944462).
LogModuleManager: Display: Found up-to-date module file ../../../Engine/Plugins/Developer/SubversionSourceControl/Binaries/Win64/UE4Editor-SubversionSourceControl.dll (API version 3944462).
LogModuleManager: Display: Found up-to-date module file ../../../Engine/Plugins/Developer/UObjectPlugin/Binaries/Win64/UE4Editor-UObjectPlugin.dll (API version 3944462).
LogModuleManager: Display: Found up-to-date module file ../../../Engine/Plugins/Developer/VisualStudioCodeSourceCodeAccess/Binaries/Win64/UE4Editor-VisualStudioCodeSourceCodeAccess.dll (API version 3944462).
LogModuleManager: Display: Found up-to-date module file ../../../Engine/Plugins/Developer/VisualStudioSourceCodeAccess/Binaries/Win64/UE4Editor-VisualStudioSourceCodeAccess.dll (API version 3944462).
LogModuleManager: Display: Found up-to-date module file ../../../Engine/Plugins/Editor/AssetManagerEditor/Binaries/Win64/UE4Editor-AssetManagerEditor.dll (API version 3944462).
LogModuleManager: Display: Found up-to-date module file ../../../Engine/Plugins/Editor/CryptoKeys/Binaries/Win64/UE4Editor-CryptoKeys.dll (API version 3944462).
LogModuleManager: Display: Found up-to-date module file ../../../Engine/Plugins/Editor/CryptoKeys/Binaries/Win64/UE4Editor-CryptoKeysOpenSSL.dll (API version 3944462).
LogModuleManager: Display: Found up-to-date module file ../../../Engine/Plugins/Editor/DataValidation/Binaries/Win64/UE4Editor-DataValidation.dll (API version 3944462).
LogModuleManager: Display: Found up-to-date module file ../../../Engine/Plugins/Editor/FacialAnimation/Binaries/Win64/UE4Editor-FacialAnimation.dll (API version 3944462).
LogModuleManager: Display: Found up-to-date module file ../../../Engine/Plugins/Editor/FacialAnimation/Binaries/Win64/UE4Editor-FacialAnimationEditor.dll (API version 3944462).
LogModuleManager: Display: Found up-to-date module file ../../../Engine/Plugins/Editor/GameplayTagsEditor/Binaries/Win64/UE4Editor-GameplayTagsEditor.dll (API version 3944462).
LogModuleManager: Display: Found up-to-date module file ../../../Engine/Plugins/Editor/MobileLauncherProfileWizard/Binaries/Win64/UE4Editor-MobileLauncherProfileWizard.dll (API version 3944462).
LogModuleManager: Display: Found up-to-date module file ../../../Engine/Plugins/Editor/PluginBrowser/Binaries/Win64/UE4Editor-PluginBrowser.dll (API version 3944462).
LogModuleManager: Display: Found up-to-date module file ../../../Engine/Plugins/Editor/SpeedTreeImporter/Binaries/Win64/UE4Editor-SpeedTreeImporter.dll (API version 3944462).
LogModuleManager: Display: Found up-to-date module file ../../../Engine/Plugins/Enterprise/DatasmithContent/Binaries/Win64/UE4Editor-DatasmithContent.dll (API version 3944462).
LogModuleManager: Display: Found up-to-date module file ../../../Engine/Plugins/Experimental/AlembicImporter/Binaries/Win64/UE4Editor-AlembicImporter.dll (API version 3944462).
LogModuleManager: Display: Found up-to-date module file ../../../Engine/Plugins/Experimental/AlembicImporter/Binaries/Win64/UE4Editor-AlembicLibrary.dll (API version 3944462).
LogModuleManager: Display: Found up-to-date module file ../../../Engine/Plugins/Experimental/CharacterAI/Binaries/Win64/UE4Editor-CharacterAI.dll (API version 3944462).
LogModuleManager: Display: Found up-to-date module file ../../../Engine/Plugins/Experimental/HTML5Networking/Binaries/Win64/UE4Editor-HTML5Networking.dll (API version 3944462).
LogModuleManager: Display: Found up-to-date module file ../../../Engine/Plugins/Media/AndroidMedia/Binaries/Win64/UE4Editor-AndroidMediaEditor.dll (API version 3944462).
LogModuleManager: Display: Found up-to-date module file ../../../Engine/Plugins/Media/AndroidMedia/Binaries/Win64/UE4Editor-AndroidMediaFactory.dll (API version 3944462).
LogModuleManager: Display: Found up-to-date module file ../../../Engine/Plugins/Media/AvfMedia/Binaries/Win64/UE4Editor-AvfMediaEditor.dll (API version 3944462).
LogModuleManager: Display: Found up-to-date module file ../../../Engine/Plugins/Media/AvfMedia/Binaries/Win64/UE4Editor-AvfMediaFactory.dll (API version 3944462).
LogModuleManager: Display: Found up-to-date module file ../../../Engine/Plugins/Media/AvfMedia/Binaries/Win64/UE4Editor-AvfMediaFactory.dll (API version 3944462).
LogModuleManager: Display: Found up-to-date module file ../../../Engine/Plugins/Media/ImgMedia/Binaries/Win64/UE4Editor-ImgMedia.dll (API version 3944462).
LogModuleManager: Display: Found up-to-date module file ../../../Engine/Plugins/Media/ImgMedia/Binaries/Win64/UE4Editor-ImgMediaEditor.dll (API version 3944462).
LogModuleManager: Display: Found up-to-date module file ../../../Engine/Plugins/Media/ImgMedia/Binaries/Win64/UE4Editor-ImgMediaFactory.dll (API version 3944462).
LogModuleManager: Display: Found up-to-date module file ../../../Engine/Plugins/Media/ImgMedia/Binaries/Win64/UE4Editor-ImgMediaFactory.dll (API version 3944462).
LogModuleManager: Display: Found up-to-date module file ../../../Engine/Plugins/Media/ImgMedia/Binaries/Win64/UE4Editor-OpenExrWrapper.dll (API version 3944462).
LogModuleManager: Display: Found up-to-date module file ../../../Engine/Plugins/Media/LinearTimecode/Binaries/Win64/UE4Editor-LinearTimecode.dll (API version 3944462).
LogModuleManager: Display: Found up-to-date module file ../../../Engine/Plugins/Media/MediaCompositing/Binaries/Win64/UE4Editor-MediaCompositing.dll (API version 3944462).
LogModuleManager: Display: Found up-to-date module file ../../../Engine/Plugins/Media/MediaCompositing/Binaries/Win64/UE4Editor-MediaCompositingEditor.dll (API version 3944462).
LogModuleManager: Display: Found up-to-date module file ../../../Engine/Plugins/Media/MediaPlayerEditor/Binaries/Win64/UE4Editor-MediaPlayerEditor.dll (API version 3944462).
LogModuleManager: Display: Found up-to-date module file ../../../Engine/Plugins/Media/WmfMedia/Binaries/Win64/UE4Editor-WmfMedia.dll (API version 3944462).
LogModuleManager: Display: Found up-to-date module file ../../../Engine/Plugins/Media/WmfMedia/Binaries/Win64/UE4Editor-WmfMediaEditor.dll (API version 3944462).
LogModuleManager: Display: Found up-to-date module file ../../../Engine/Plugins/Media/WmfMedia/Binaries/Win64/UE4Editor-WmfMediaFactory.dll (API version 3944462).
LogModuleManager: Display: Found up-to-date module file ../../../Engine/Plugins/Media/WmfMedia/Binaries/Win64/UE4Editor-WmfMediaFactory.dll (API version 3944462).
LogModuleManager: Display: Found up-to-date module file ../../../Engine/Plugins/Messaging/TcpMessaging/Binaries/Win64/UE4Editor-TcpMessaging.dll (API version 3944462).
LogModuleManager: Display: Found up-to-date module file ../../../Engine/Plugins/Messaging/UdpMessaging/Binaries/Win64/UE4Editor-UdpMessaging.dll (API version 3944462).
LogModuleManager: Display: Found up-to-date module file ../../../Engine/Plugins/MovieScene/ActorSequence/Binaries/Win64/UE4Editor-ActorSequence.dll (API version 3944462).
LogModuleManager: Display: Found up-to-date module file ../../../Engine/Plugins/MovieScene/LevelSequenceEditor/Binaries/Win64/UE4Editor-LevelSequenceEditor.dll (API version 3944462).
LogModuleManager: Display: Found up-to-date module file ../../../Engine/Plugins/MovieScene/MatineeToLevelSequence/Binaries/Win64/UE4Editor-MatineeToLevelSequence.dll (API version 3944462).
LogModuleManager: Display: Found up-to-date module file ../../../Engine/Plugins/NetcodeUnitTest/NetcodeUnitTest/Binaries/Win64/UE4Editor-NetcodeUnitTest.dll (API version 3944462).
LogModuleManager: Display: Found up-to-date module file ../../../Engine/Plugins/NetcodeUnitTest/NUTUnrealEngine4/Binaries/Win64/UE4Editor-NUTUnrealEngine4.dll (API version 3944462).
LogModuleManager: Display: Found up-to-date module file ../../../Engine/Plugins/Online/OnlineSubsystem/Binaries/Win64/UE4Editor-OnlineSubsystem.dll (API version 3944462).
LogModuleManager: Display: Found up-to-date module file ../../../Engine/Plugins/Runtime/AndroidPermission/Binaries/Win64/UE4Editor-AndroidPermission.dll (API version 3944462).
LogModuleManager: Display: Found up-to-date module file ../../../Engine/Plugins/Online/OnlineSubsystemNull/Binaries/Win64/UE4Editor-OnlineSubsystemNull.dll (API version 3944462).
LogModuleManager: Display: Found up-to-date module file ../../../Engine/Plugins/Online/OnlineSubsystemUtils/Binaries/Win64/UE4Editor-OnlineSubsystemUtils.dll (API version 3944462).
LogModuleManager: Display: Found up-to-date module file ../../../Engine/Plugins/Online/OnlineSubsystemUtils/Binaries/Win64/UE4Editor-OnlineBlueprintSupport.dll (API version 3944462).
LogModuleManager: Display: Found up-to-date module file ../../../Engine/Plugins/Runtime/AndroidDeviceProfileSelector/Binaries/Win64/UE4Editor-AndroidDeviceProfileSelector.dll (API version 3944462).
LogModuleManager: Display: Found up-to-date module file ../../../Engine/Plugins/Runtime/AppleARKit/Binaries/Win64/UE4Editor-AppleARKit.dll (API version 3944462).
LogModuleManager: Display: Found up-to-date module file ../../../Engine/Plugins/Runtime/ProceduralMeshComponent/Binaries/Win64/UE4Editor-ProceduralMeshComponent.dll (API version 3944462).
LogModuleManager: Display: Found up-to-date module file ../../../Engine/Plugins/Runtime/ProceduralMeshComponent/Binaries/Win64/UE4Editor-ProceduralMeshComponentEditor.dll (API version 3944462).
LogModuleManager: Display: Found up-to-date module file ../../../Engine/Plugins/Animation/LiveLink/Binaries/Win64/UE4Editor-LiveLink.dll (API version 3944462).
LogModuleManager: Display: Found up-to-date module file ../../../Engine/Plugins/Animation/LiveLink/Binaries/Win64/UE4Editor-LiveLinkEditor.dll (API version 3944462).
LogModuleManager: Display: Found up-to-date module file ../../../Engine/Plugins/Runtime/ArchVisCharacter/Binaries/Win64/UE4Editor-ArchVisCharacter.dll (API version 3944462).
LogModuleManager: Display: Found up-to-date module file ../../../Engine/Plugins/Runtime/AudioCapture/Binaries/Win64/UE4Editor-AudioCapture.dll (API version 3944462).
LogModuleManager: Display: Found up-to-date module file ../../../Engine/Plugins/Runtime/AudioCapture/Binaries/Win64/UE4Editor-AudioCaptureEditor.dll (API version 3944462).
LogModuleManager: Display: Found up-to-date module file ../../../Engine/Plugins/Runtime/CableComponent/Binaries/Win64/UE4Editor-CableComponent.dll (API version 3944462).
LogModuleManager: Display: Found up-to-date module file ../../../Engine/Plugins/Runtime/CustomMeshComponent/Binaries/Win64/UE4Editor-CustomMeshComponent.dll (API version 3944462).
LogModuleManager: Display: Found up-to-date module file ../../../Engine/Plugins/Runtime/ExampleDeviceProfileSelector/Binaries/Win64/UE4Editor-ExampleDeviceProfileSelector.dll (API version 3944462).
LogModuleManager: Display: Found up-to-date module file ../../../Engine/Plugins/Runtime/ImmediatePhysics/Binaries/Win64/UE4Editor-ImmediatePhysics.dll (API version 3944462).
LogModuleManager: Display: Found up-to-date module file ../../../Engine/Plugins/Runtime/ImmediatePhysics/Binaries/Win64/UE4Editor-ImmediatePhysicsEditor.dll (API version 3944462).
LogModuleManager: Display: Found up-to-date module file ../../../Engine/Plugins/Runtime/LocationServicesBPLibrary/Binaries/Win64/UE4Editor-LocationServicesBPLibrary.dll (API version 3944462).
LogModuleManager: Display: Found up-to-date module file ../../../Engine/Plugins/Runtime/MobilePatchingUtils/Binaries/Win64/UE4Editor-MobilePatchingUtils.dll (API version 3944462).
LogModuleManager: Display: Found up-to-date module file ../../../Engine/Plugins/Runtime/Oculus/OculusVR/Binaries/Win64/UE4Editor-OculusHMD.dll (API version 3944462).
LogModuleManager: Display: Found up-to-date module file ../../../Engine/Plugins/Runtime/Oculus/OculusVR/Binaries/Win64/UE4Editor-OculusInput.dll (API version 3944462).
LogModuleManager: Display: Found up-to-date module file ../../../Engine/Plugins/Runtime/Oculus/OculusVR/Binaries/Win64/UE4Editor-OculusEditor.dll (API version 3944462).
LogModuleManager: Display: Found up-to-date module file ../../../Engine/Plugins/Runtime/PhysXVehicles/Binaries/Win64/UE4Editor-PhysXVehicles.dll (API version 3944462).
LogModuleManager: Display: Found up-to-date module file ../../../Engine/Plugins/Runtime/PhysXVehicles/Binaries/Win64/UE4Editor-PhysXVehiclesEditor.dll (API version 3944462).
LogModuleManager: Display: Found up-to-date module file ../../../Engine/Plugins/Runtime/RuntimePhysXCooking/Binaries/Win64/UE4Editor-RuntimePhysXCooking.dll (API version 3944462).
LogModuleManager: Display: Found up-to-date module file ../../../Engine/Plugins/Runtime/Steam/SteamVR/Binaries/Win64/UE4Editor-SteamVR.dll (API version 3944462).
LogModuleManager: Display: Found up-to-date module file ../../../Engine/Plugins/Runtime/Steam/SteamVR/Binaries/Win64/UE4Editor-SteamVRController.dll (API version 3944462).
LogModuleManager: Display: Found up-to-date module file ../../../Engine/Plugins/Runtime/WindowsMoviePlayer/Binaries/Win64/UE4Editor-WindowsMoviePlayer.dll (API version 3944462).
LogPluginManager: Mounting plugin Paper2D
LogPluginManager: Mounting plugin LiveLink
LogPluginManager: Mounting plugin LightPropagationVolume
LogPluginManager: Mounting plugin CLionSourceCodeAccess
LogPluginManager: Mounting plugin CodeLiteSourceCodeAccess
LogPluginManager: Mounting plugin GitSourceControl
LogPluginManager: Mounting plugin KDevelopSourceCodeAccess
LogPluginManager: Mounting plugin NullSourceCodeAccess
LogPluginManager: Mounting plugin PerforceSourceControl
LogPluginManager: Mounting plugin SubversionSourceControl
LogPluginManager: Mounting plugin UObjectPlugin
LogPluginManager: Mounting plugin VisualStudioCodeSourceCodeAccess
LogPluginManager: Mounting plugin VisualStudioSourceCodeAccess
LogPluginManager: Mounting plugin XCodeSourceCodeAccess
LogPluginManager: Mounting plugin AssetManagerEditor
LogPluginManager: Mounting plugin CryptoKeys
LogPluginManager: Mounting plugin DataValidation
LogPluginManager: Mounting plugin FacialAnimation
LogPluginManager: Mounting plugin GameplayTagsEditor
LogPluginManager: Mounting plugin MobileLauncherProfileWizard
LogPluginManager: Mounting plugin PluginBrowser
LogPluginManager: Mounting plugin SpeedTreeImporter
LogPluginManager: Mounting plugin DatasmithContent
LogPluginManager: Mounting plugin AlembicImporter
LogPluginManager: Mounting plugin CharacterAI
LogPluginManager: Mounting plugin HTML5Networking
LogPluginManager: Mounting plugin AndroidMedia
LogPluginManager: Mounting plugin AvfMedia
LogPluginManager: Mounting plugin ImgMedia
LogPluginManager: Mounting plugin LinearTimecode
LogPluginManager: Mounting plugin MediaCompositing
LogPluginManager: Mounting plugin MediaPlayerEditor
LogPluginManager: Mounting plugin WmfMedia
LogPluginManager: Mounting plugin TcpMessaging
LogPluginManager: Mounting plugin UdpMessaging
LogPluginManager: Mounting plugin ActorSequence
LogPluginManager: Mounting plugin LevelSequenceEditor
LogPluginManager: Mounting plugin MatineeToLevelSequence
LogPluginManager: Mounting plugin NetcodeUnitTest
LogPluginManager: Mounting plugin NUTUnrealEngine4
LogPluginManager: Mounting plugin OnlineSubsystemGooglePlay
LogPluginManager: Mounting plugin OnlineSubsystemIOS
LogPluginManager: Mounting plugin OnlineSubsystem
LogPluginManager: Mounting plugin OnlineSubsystemNull
LogPluginManager: Mounting plugin OnlineSubsystemUtils
LogPluginManager: Mounting plugin AndroidDeviceProfileSelector
LogPluginManager: Mounting plugin AndroidMoviePlayer
LogPluginManager: Mounting plugin AndroidPermission
LogPluginManager: Mounting plugin AppleARKit
LogPluginManager: Mounting plugin AppleMoviePlayer
LogPluginManager: Mounting plugin ArchVisCharacter
LogPluginManager: Mounting plugin AudioCapture
LogPluginManager: Mounting plugin CableComponent
LogPluginManager: Mounting plugin CustomMeshComponent
LogPluginManager: Mounting plugin ExampleDeviceProfileSelector
LogPluginManager: Mounting plugin GoogleCloudMessaging
LogPluginManager: Mounting plugin ImmediatePhysics
LogPluginManager: Mounting plugin IOSDeviceProfileSelector
LogPluginManager: Mounting plugin LinuxDeviceProfileSelector
LogPluginManager: Mounting plugin LocationServicesBPLibrary
LogPluginManager: Mounting plugin MobilePatchingUtils
LogPluginManager: Mounting plugin OculusVR
LogPluginManager: Plugin shader directory ../../../Engine/Plugins/Runtime/Oculus/OculusVR/Shaders found
LogPluginManager: Mapping shader source directory ../../../Engine/Plugins/Runtime/Oculus/OculusVR/Shaders to virtual directory /Plugin/OculusVR
LogPluginManager: Mounting plugin PhysXVehicles
LogPluginManager: Mounting plugin ProceduralMeshComponent
LogPluginManager: Mounting plugin RuntimePhysXCooking
LogPluginManager: Mounting plugin SteamVR
LogPluginManager: Mounting plugin WindowsMoviePlayer
LogStreaming: Display: Took  1.051s to configure plugins.
LogInit: Using libcurl 7.47.1
LogInit:  - built for x86_64-pc-win32
LogInit:  - supports SSL with OpenSSL/1.0.2g
LogInit:  - supports HTTP deflate (compression) using libz 1.2.8
LogInit:  - other features:
LogInit:      CURL_VERSION_SSL
LogInit:      CURL_VERSION_LIBZ
LogInit:      CURL_VERSION_IPV6
LogInit:      CURL_VERSION_ASYNCHDNS
LogInit:      CURL_VERSION_LARGEFILE
LogInit:      CURL_VERSION_IDN
LogInit:  CurlRequestOptions (configurable via config and command line):
LogInit:  - bVerifyPeer = false  - Libcurl will NOT verify peer certificate
LogInit:  - bUseHttpProxy = false  - Libcurl will NOT use HTTP proxy
LogInit:  - bDontReuseConnections = false  - Libcurl will reuse connections
LogInit:  - CertBundlePath = nullptr  - Libcurl will use whatever was configured at build time.
LogInit:  - MaxHostConnections = 16  - Libcurl will limit the number of connections to a host
LogInit:  - LocalHostAddr = Default
LogInit: WinSock: version 1.1 (2.2), MaxSocks=32767, MaxUdp=65467
LogInit: WinSock: I am 916-IAM-B-HALL (172.23.16.117:0)
LogInit: Build: ++UE4+Release-4.19-CL-4033788
LogInit: Engine Version: 4.19.2-4033788+++UE4+Release-4.19
LogInit: Compatible Engine Version: 4.19.0-3944462+++UE4+Release-4.19
LogInit: Net CL: 3944462
LogDevObjectVersion: Number of dev versions registered: 18
LogDevObjectVersion:   Dev-Blueprints (B0D832E4-1F89-4F0D-ACCF-7EB736FD4AA2): 10
LogDevObjectVersion:   Dev-Build (E1C64328-A22C-4D53-A36C-8E866417BD8C): 0
LogDevObjectVersion:   Dev-Core (375EC13C-06E4-48FB-B500-84F0262A717E): 2
LogDevObjectVersion:   Dev-Editor (E4B068ED-F494-42E9-A231-DA0B2E46BB41): 23
LogDevObjectVersion:   Dev-Framework (CFFC743F-43B0-4480-9391-14DF171D2073): 33
LogDevObjectVersion:   Dev-Mobile (B02B49B5-BB20-44E9-A304-32B752E40360): 2
LogDevObjectVersion:   Dev-Networking (A4E4105C-59A1-49B5-A7C5-40C4547EDFEE): 0
LogDevObjectVersion:   Dev-Online (39C831C9-5AE6-47DC-9A44-9C173E1C8E7C): 0
LogDevObjectVersion:   Dev-Physics (78F01B33-EBEA-4F98-B9B4-84EACCB95AA2): 0
LogDevObjectVersion:   Dev-Platform (6631380F-2D4D-43E0-8009-CF276956A95A): 0
LogDevObjectVersion:   Dev-Rendering (12F88B9F-8875-4AFC-A67C-D90C383ABD29): 25
LogDevObjectVersion:   Dev-Sequencer (7B5AE74C-D270-4C10-A958-57980B212A5A): 6
LogDevObjectVersion:   Dev-VR (D7296918-1DD6-4BDD-9DE2-64A83CC13884): 1
LogDevObjectVersion:   Dev-LoadTimes (C2A15278-BFE7-4AFE-6C17-90FF531DF755): 1
LogDevObjectVersion:   Private-Geometry (6EACA3D4-40EC-4CC1-B786-8BED09428FC5): 2
LogDevObjectVersion:   Dev-AnimPhys (29E575DD-E0A3-4627-9D10-D276232CDCEA): 16
LogDevObjectVersion:   Dev-ReflectionCapture (6B266CEC-1EC7-4B8F-A30B-E4D90942FC07): 1
LogDevObjectVersion:   Dev-Automation (0DF73D61-A23F-47EA-B727-89E90C41499A): 1
LogInit: Compiled (64-bit): Apr 27 2018 02:06:57
LogInit: Compiled with Visual C++: 19.00.24215.01
LogInit: Build Configuration: Development
LogInit: Branch Name: ++UE4+Release-4.19
LogInit: Command Line: 
LogInit: Base Directory: C:/Program Files/Epic Games/UE_4.19/Engine/Binaries/Win64/
LogInit: Installed Engine Build: 1
LogStreaming: Display: Took  0.005s to delete old logs.
LogInit: Presizing for max 8388607 objects, including 0 objects not considered by GC, pre-allocating 0 bytes for permanent pool.
LogInit: Object subsystem initialized
[2019.10.25-16.28.08:190][  0]LogInit: Selected Device Profile: [Windows]
[2019.10.25-16.28.08:190][  0]LogInit: Applying CVar settings loaded from the selected device profile: [Windows]
[2019.10.25-16.28.08:262][  0]LogInit: Computer: 916-IAM-B-HALL
[2019.10.25-16.28.08:262][  0]LogInit: User: danielcollins
[2019.10.25-16.28.08:262][  0]LogInit: CPU Page size=4096, Cores=4
[2019.10.25-16.28.08:262][  0]LogInit: High frequency timer resolution =10.000000 MHz
[2019.10.25-16.28.08:262][  0]LogMemory: Memory total: Physical=7.9GB (8GB approx)
[2019.10.25-16.28.08:262][  0]LogMemory: Platform Memory Stats for Windows
[2019.10.25-16.28.08:262][  0]LogMemory: Process Physical Memory: 274.80 MB used, 274.81 MB peak
[2019.10.25-16.28.08:262][  0]LogMemory: Process Virtual Memory: 264.60 MB used, 264.60 MB peak
[2019.10.25-16.28.08:262][  0]LogMemory: Physical Memory: 4321.50 MB used,  3810.64 MB free, 8132.14 MB total
[2019.10.25-16.28.08:262][  0]LogMemory: Virtual Memory: 4792.98 MB used,  3810.64 MB free, 134217728.00 MB total
[2019.10.25-16.28.08:327][  0]LogInit: Using OS detected language (en-US).
[2019.10.25-16.28.08:327][  0]LogInit: Using OS detected locale (en-US).
[2019.10.25-16.28.08:381][  0]LogTextLocalizationManager: No specific localization for 'en-US' exists, so the 'en' localization will be used.
[2019.10.25-16.28.08:792][  0]LogStreaming: Display: Took  0.464s to EndInitTextLocalization.
[2019.10.25-16.28.08:792][  0]LogInit: Setting process to per monitor DPI aware
[2019.10.25-16.28.08:847][  0]LogSlate: New Slate User Created.  User Index 0, Is Virtual User: 0
[2019.10.25-16.28.08:847][  0]LogSlate: Slate User Registered.  User Index 0, Is Virtual User: 0
[2019.10.25-16.28.10:475][  0]LogD3D11RHI: D3D11 adapters:
[2019.10.25-16.28.10:494][  0]LogD3D11RHI:    0. 'AMD RADEON R9 M290X' (Feature Level 11_0)
[2019.10.25-16.28.10:494][  0]LogD3D11RHI:       2029/0/4066 MB DedicatedVideo/DedicatedSystem/SharedSystem, Outputs:1, VendorId:0x1002
[2019.10.25-16.28.10:495][  0]LogD3D11RHI:    1. 'Microsoft Basic Render Driver' (Feature Level 11_0)
[2019.10.25-16.28.10:495][  0]LogD3D11RHI:       0/0/4066 MB DedicatedVideo/DedicatedSystem/SharedSystem, Outputs:0, VendorId:0x1414
[2019.10.25-16.28.10:495][  0]LogD3D11RHI: Chosen D3D11 Adapter: 0
[2019.10.25-16.28.10:500][  0]LogD3D11RHI: Creating new Direct3DDevice
[2019.10.25-16.28.10:500][  0]LogD3D11RHI:     GPU DeviceId: 0x6810 (for the marketing name, search the web for "GPU Device Id")
[2019.10.25-16.28.10:500][  0]LogWindows: EnumDisplayDevices:
[2019.10.25-16.28.10:500][  0]LogWindows:    0. 'AMD RADEON R9 M290X' (P:1 D:1)
[2019.10.25-16.28.10:500][  0]LogWindows:    1. 'AMD RADEON R9 M290X' (P:0 D:0)
[2019.10.25-16.28.10:500][  0]LogWindows:    2. 'AMD RADEON R9 M290X' (P:0 D:0)
[2019.10.25-16.28.10:500][  0]LogWindows:    3. 'AMD RADEON R9 M290X' (P:0 D:0)
[2019.10.25-16.28.10:500][  0]LogWindows:    4. 'AMD RADEON R9 M290X' (P:0 D:0)
[2019.10.25-16.28.10:501][  0]LogWindows:    5. 'AMD RADEON R9 M290X' (P:0 D:0)
[2019.10.25-16.28.10:501][  0]LogWindows: DebugString: GetVideoDriverDetailsInvalid PrimaryIsNotTheChoosenAdapter GetVideoDriverDetailsInvalid PrimaryIsNotTheChoosenAdapter GetVideoDriverDetailsInvalid PrimaryIsNotTheChoosenAdapter GetVideoDriverDetailsInvalid PrimaryIsNotTheChoosenAdapter GetVideoDriverDetailsInvalid PrimaryIsNotTheChoosenAdapter GetVideoDriverDetailsInvalid PrimaryIsNotTheChoosenAdapter FoundDriverCount:0 
[2019.10.25-16.28.10:501][  0]LogD3D11RHI:     Adapter Name: AMD RADEON R9 M290X
[2019.10.25-16.28.10:501][  0]LogD3D11RHI:   Driver Version: Unknown (internal:Unknown, unified:Unknown)
[2019.10.25-16.28.10:501][  0]LogD3D11RHI:      Driver Date: Unknown
[2019.10.25-16.28.10:501][  0]LogRHI: Texture pool is 1420 MB (70% of 2029 MB)
[2019.10.25-16.28.10:553][  0]LogD3D11RHI: Async texture creation enabled
[2019.10.25-16.28.10:567][  0]LogD3D11RHI: GPU Timing Frequency: 27.000000 (Debug: 2 1)
[2019.10.25-16.28.10:571][  0]LogShaderCompilers: Guid format shader working directory is 35 characters bigger than the processId version (D:/Aurora/Intermediate/Shaders/WorkingDirectory/12736/).
[2019.10.25-16.28.10:571][  0]LogShaderCompilers: Cleaned the shader compiler working directory 'C:/Users/TEMP/AppData/Local/Temp/UnrealShaderWorkingDir/7D815377480C723CACB41A936981F53D/'.
[2019.10.25-16.28.10:877][  0]LogTemp: Display: Loaded TP AllDesktopTargetPlatform
[2019.10.25-16.28.10:896][  0]LogTemp: Display: Loaded TP MacClientTargetPlatform
[2019.10.25-16.28.10:907][  0]LogTemp: Display: Loaded TP MacNoEditorTargetPlatform
[2019.10.25-16.28.10:918][  0]LogTemp: Display: Loaded TP MacServerTargetPlatform
[2019.10.25-16.28.10:933][  0]LogTemp: Display: Loaded TP MacTargetPlatform
[2019.10.25-16.28.10:944][  0]LogTemp: Display: Loaded TP WindowsClientTargetPlatform
[2019.10.25-16.28.10:955][  0]LogTemp: Display: Loaded TP WindowsNoEditorTargetPlatform
[2019.10.25-16.28.10:966][  0]LogTemp: Display: Loaded TP WindowsServerTargetPlatform
[2019.10.25-16.28.10:972][  0]LogTemp: Display: Loaded TP WindowsTargetPlatform
[2019.10.25-16.28.10:982][  0]LogTemp: Display: Loaded TP Android_ASTCTargetPlatform
[2019.10.25-16.28.10:992][  0]LogTemp: Display: Loaded TP Android_ATCTargetPlatform
[2019.10.25-16.28.11:002][  0]LogTemp: Display: Loaded TP Android_DXTTargetPlatform
[2019.10.25-16.28.11:011][  0]LogTemp: Display: Loaded TP Android_ETC1aTargetPlatform
[2019.10.25-16.28.11:022][  0]LogTemp: Display: Loaded TP Android_ETC1TargetPlatform
[2019.10.25-16.28.11:032][  0]LogTemp: Display: Loaded TP Android_ETC2TargetPlatform
[2019.10.25-16.28.11:053][  0]LogTemp: Display: Loaded TP Android_MultiTargetPlatform
[2019.10.25-16.28.11:053][  0]LogTemp: Display: Loaded TP Android_PVRTCTargetPlatform
[2019.10.25-16.28.11:067][  0]LogTemp: Display: Loaded TP AndroidTargetPlatform
[2019.10.25-16.28.11:069][  0]LogTemp: Display: Loaded TP HTML5TargetPlatform
[2019.10.25-16.28.11:109][  0]LogTemp: Display: Loaded TP IOSTargetPlatform
[2019.10.25-16.28.11:118][  0]LogTemp: Display: Loaded TP TVOSTargetPlatform
[2019.10.25-16.28.11:128][  0]LogTemp: Display: Loaded TP LinuxClientTargetPlatform
[2019.10.25-16.28.11:138][  0]LogTemp: Display: Loaded TP LinuxNoEditorTargetPlatform
[2019.10.25-16.28.11:148][  0]LogTemp: Display: Loaded TP LinuxServerTargetPlatform
[2019.10.25-16.28.11:162][  0]LogTemp: Display: Loaded TP LinuxTargetPlatform
[2019.10.25-16.28.11:163][  0]LogTargetPlatformManager: Display: Building Assets For Windows
[2019.10.25-16.28.11:269][  0]LogXGEController: Cleaning working directory: C:/Users/TEMP/AppData/Local/Temp/UnrealXGEWorkingDir/
[2019.10.25-16.28.11:269][  0]LogXGEController: Cannot use XGE Controller as Incredibuild is not installed on this machine.
[2019.10.25-16.28.11:269][  0]LogShaderCompilers: Cannot use XGE Shader Compiler as Incredibuild is not installed on this machine.
[2019.10.25-16.28.11:269][  0]LogShaderCompilers: Display: Using Local Shader Compiler.
[2019.10.25-16.28.12:649][  0]LogDerivedDataCache: Display: Max Cache Size: 512 MB
[2019.10.25-16.28.13:267][  0]LogDerivedDataCache: Loaded boot cache 0.62s 74MB C:/Users/TEMP/AppData/Local/UnrealEngine/4.19/DerivedDataCache/Boot.ddc.
[2019.10.25-16.28.13:267][  0]LogDerivedDataCache: Display: Loaded Boot cache: C:/Users/TEMP/AppData/Local/UnrealEngine/4.19/DerivedDataCache/Boot.ddc
[2019.10.25-16.28.13:267][  0]LogDerivedDataCache: FDerivedDataBackendGraph:  Pak pak cache file D:/Aurora/DerivedDataCache/DDC.ddp not found, will not use a pak cache.
[2019.10.25-16.28.13:267][  0]LogDerivedDataCache: Unable to find inner node Pak for hierarchical cache Hierarchy.
[2019.10.25-16.28.13:267][  0]LogDerivedDataCache: FDerivedDataBackendGraph:  CompressedPak pak cache file D:/Aurora/DerivedDataCache/Compressed.ddp not found, will not use a pak cache.
[2019.10.25-16.28.13:267][  0]LogDerivedDataCache: Unable to find inner node CompressedPak for hierarchical cache Hierarchy.
[2019.10.25-16.28.13:286][  0]LogDerivedDataCache: Display: Pak cache opened for reading ../../../Engine/DerivedDataCache/Compressed.ddp.
[2019.10.25-16.28.13:299][  0]LogDerivedDataCache: Using Local data cache path C:/Users/TEMP/AppData/Local/UnrealEngine/Common/DerivedDataCache: Writable
[2019.10.25-16.28.13:299][  0]LogDerivedDataCache: Shared data cache path not found in *engine.ini, will not use an Shared cache.
[2019.10.25-16.28.13:299][  0]LogDerivedDataCache: Unable to find inner node Shared for hierarchical cache Hierarchy.
[2019.10.25-16.28.13:308][  0]LogMaterial: Verifying Global Shaders for PCD3D_SM5
[2019.10.25-16.28.13:309][  0]LogSlate: Using Freetype 2.6.0
[2019.10.25-16.28.13:309][  0]LogSlate: SlateFontCache - WITH_FREETYPE: 1, WITH_HARFBUZZ: 1
[2019.10.25-16.28.13:309][  0]LogSlate: SlateFontCache - WITH_FREETYPE: 1, WITH_HARFBUZZ: 1
[2019.10.25-16.28.13:557][  0]LogAssetRegistry: FAssetRegistry took 0.0261 seconds to start up
[2019.10.25-16.28.13:890][  0]LogInit: Selected Device Profile: [Windows]
[2019.10.25-16.28.14:031][  0]LogSimplygon: Simplygon DLL not present - disabling.
[2019.10.25-16.28.14:037][  0]LogMeshReduction: Using SimplygonSwarm for distributed automatic mesh merging
[2019.10.25-16.28.14:038][  0]LogMeshReduction: Using QuadricMeshReduction for automatic static mesh reduction
[2019.10.25-16.28.14:038][  0]LogMeshReduction: No automatic skeletal mesh reduction module available
[2019.10.25-16.28.14:038][  0]LogMeshReduction: No automatic mesh merging module available
[2019.10.25-16.28.14:038][  0]LogMeshMerging: No automatic mesh merging module available
[2019.10.25-16.28.14:061][  0]LogNetVersion: Aurora , NetCL: 3944462, EngineNetVer: 2, GameNetVer: 0 (Checksum: 2774553986)
[2019.10.25-16.28.14:895][  0]LogPackageLocalizationCache: Processed 9 localized package path(s) for 2 prioritized culture(s) in 0.404359 seconds
[2019.10.25-16.28.14:900][  0]LogUObjectArray: 36728 objects as part of root set at end of initial load.
[2019.10.25-16.28.14:900][  0]LogUObjectAllocator: 7314312 out of 0 bytes used by permanent object pool.
[2019.10.25-16.28.14:900][  0]LogUObjectArray: CloseDisregardForGC: 0/0 objects in disregard for GC pool
[2019.10.25-16.28.18:480][  0]LogTcpMessaging: Initializing TcpMessaging bridge
[2019.10.25-16.28.18:505][  0]LogUdpMessaging: Initializing bridge on interface 0.0.0.0:0 to multicast group 230.0.0.1:6666.
[2019.10.25-16.28.18:825][  0]SourceControl: Source control is disabled
[2019.10.25-16.28.18:825][  0]SourceControl: Source control is disabled
[2019.10.25-16.28.18:842][  0]SourceControl: Source control is disabled
[2019.10.25-16.28.18:856][  0]SourceControl: Source control is disabled
[2019.10.25-16.28.19:288][  0]LogAndroidPermission: UAndroidPermissionCallbackProxy::GetInstance
[2019.10.25-16.28.19:402][  0]LogOcInput: OculusInput pre-init called
[2019.10.25-16.28.19:504][  0]LogEngine: Initializing Engine...
[2019.10.25-16.28.19:506][  0]LogHMD: Failed to initialize OpenVR with code 110
[2019.10.25-16.28.19:507][  0]LogStats: UGameplayTagsManager::ConstructGameplayTagTree: Construct from data asset -  0.000 s
[2019.10.25-16.28.19:507][  0]LogStats: UGameplayTagsManager::ConstructGameplayTagTree: GameplayTagTreeChangedEvent.Broadcast -  0.000 s
[2019.10.25-16.28.19:748][  0]LogAIModule: Creating AISystem for world Untitled
[2019.10.25-16.28.19:762][  0]LogInit: XAudio2 using 'Digital Audio (S/PDIF) (Cirrus Logic CS4206B (AB 122))' : 2 channels at 48 kHz using 16 bits per sample (channel mask 0x3)
[2019.10.25-16.28.19:783][  0]LogInit: FAudioDevice initialized.
[2019.10.25-16.28.19:974][  0]LogDerivedDataCache: Saved boot cache 0.19s 74MB C:/Users/TEMP/AppData/Local/UnrealEngine/4.19/DerivedDataCache/Boot.ddc.
[2019.10.25-16.28.19:992][  0]LogInit: Texture streaming: Enabled
[2019.10.25-16.28.20:038][  0]LogEngineSessionManager: EngineSessionManager initialized
[2019.10.25-16.28.20:039][  0]LogEngineSessionManager: EngineSessionManager sent abnormal shutdown report. Type=Crashed, SessionId={DCE657B6-4A13-2157-2F73-648ED8DE179D}
[2019.10.25-16.28.20:058][  0]LogInit: Transaction tracking system initialized
[2019.10.25-16.28.20:099][  0]BlueprintLog: New page: Editor Load
[2019.10.25-16.28.20:211][  0]LocalizationService: Localization service is disabled
[2019.10.25-16.28.20:336][  0]LogConsoleResponse: Display: 
[2019.10.25-16.28.20:712][  0]LogCook: Display: Max memory allowance for cook 16384mb min free memory 0mb
[2019.10.25-16.28.20:712][  0]LogCook: Display: Mobile HDR setting 1
[2019.10.25-16.28.20:712][  0]LogGameplayTags: Display: UGameplayTagsManager::DoneAddingNativeTags. DelegateIsBound: 0
[2019.10.25-16.28.20:712][  0]LogStats: UGameplayTagsManager::ConstructGameplayTagTree: Construct from data asset -  0.000 s
[2019.10.25-16.28.20:712][  0]LogStats: UGameplayTagsManager::ConstructGameplayTagTree: GameplayTagTreeChangedEvent.Broadcast -  0.000 s
[2019.10.25-16.28.21:103][  0]LogFileCache: Scanning file cache for directory 'D:/Aurora/Content/' took 0.02s
[2019.10.25-16.28.21:103][  0]SourceControl: Source control is disabled
[2019.10.25-16.28.21:220][  0]LogSlate: Took 0.000237 seconds to synchronously load lazily loaded font '../../../Engine/Content/Slate/Fonts/Roboto-Regular.ttf' (155K)
[2019.10.25-16.29.29:557][  0]LogSlate: Window 'Restore Packages' being destroyed
[2019.10.25-16.29.29:557][  0]LogWindowsTextInputMethodSystem: Display: IME system now deactivated.
[2019.10.25-16.29.29:563][  0]LogWindowsTextInputMethodSystem: Display: IME system now deactivated.
[2019.10.25-16.29.29:622][  0]Cmd: MAP LOAD FILE="D:/Aurora/Content/Geometry/Maps/TestArea.umap" TEMPLATE=0 SHOWPROGRESS=1 FEATURELEVEL=3
[2019.10.25-16.29.29:622][  0]LightingResults: New page: Lighting Build
[2019.10.25-16.29.29:626][  0]MapCheck: New page: Map Check
[2019.10.25-16.29.29:626][  0]LightingResults: New page: Lighting Build
[2019.10.25-16.29.29:908][  0]LogUObjectGlobals: Created PersistentFrame Addr=0x000002149c1e72e0, Size=72, Default__FirstPerson_AnimBP_C Function /Game/FirstPerson/Animations/FirstPerson_AnimBP.FirstPerson_AnimBP_C:ExecuteUbergraph_FirstPerson_AnimBP
[2019.10.25-16.29.29:916][  0]LogUObjectGlobals: Destroyed PersistentFrame Addr=0x000002149c1e72e0, Size=72
[2019.10.25-16.29.29:916][  0]LogUObjectGlobals: Created PersistentFrame Addr=0x000002149c1a5bc0, Size=72, Default__FirstPerson_AnimBP_C Function /Engine/Transient.REINST_FirstPerson_AnimBP_C_0:ExecuteUbergraph_FirstPerson_AnimBP
[2019.10.25-16.29.29:922][  0]LogUObjectGlobals: Created PersistentFrame Addr=0x00000214aabde250, Size=72, Default__FirstPerson_AnimBP_C Function /Game/FirstPerson/Animations/FirstPerson_AnimBP.FirstPerson_AnimBP_C:ExecuteUbergraph_FirstPerson_AnimBP
[2019.10.25-16.29.29:948][  0]LogUObjectGlobals: Created PersistentFrame Addr=0x000002149c1dfa00, Size=256, Default__FirstPersonProjectile_C Function /Game/FirstPersonBP/Blueprints/FirstPersonProjectile.FirstPersonProjectile_C:ExecuteUbergraph_FirstPersonProjectile
[2019.10.25-16.29.29:951][  0]LogUObjectGlobals: Destroyed PersistentFrame Addr=0x000002149c1dfa00, Size=256
[2019.10.25-16.29.29:951][  0]LogUObjectGlobals: Created PersistentFrame Addr=0x000002149c1dfa00, Size=256, Default__FirstPersonProjectile_C Function /Engine/Transient.REINST_FirstPersonProjectile_C_6:ExecuteUbergraph_FirstPersonProjectile
[2019.10.25-16.29.29:953][  0]LogUObjectGlobals: Created PersistentFrame Addr=0x000002149c1df300, Size=256, Default__FirstPersonProjectile_C Function /Game/FirstPersonBP/Blueprints/FirstPersonProjectile.FirstPersonProjectile_C:ExecuteUbergraph_FirstPersonProjectile
[2019.10.25-16.29.30:219][  0]LogUObjectGlobals: Created PersistentFrame Addr=0x000002149bd4fc80, Size=848, Default__FirstPersonCharacter_C Function /Game/FirstPersonBP/Blueprints/FirstPersonCharacter.FirstPersonCharacter_C:ExecuteUbergraph_FirstPersonCharacter
[2019.10.25-16.29.30:229][  0]LogUObjectGlobals: Destroyed PersistentFrame Addr=0x000002149bd4fc80, Size=848
[2019.10.25-16.29.30:229][  0]LogUObjectGlobals: Created PersistentFrame Addr=0x000002149bd4fc80, Size=848, Default__FirstPersonCharacter_C Function /Engine/Transient.REINST_FirstPersonCharacter_C_8:ExecuteUbergraph_FirstPersonCharacter
[2019.10.25-16.29.30:237][  0]LogUObjectGlobals: Created PersistentFrame Addr=0x000002149bd4e780, Size=848, Default__FirstPersonCharacter_C Function /Game/FirstPersonBP/Blueprints/FirstPersonCharacter.FirstPersonCharacter_C:ExecuteUbergraph_FirstPersonCharacter
[2019.10.25-16.29.30:257][  0]LogUObjectGlobals: Created PersistentFrame Addr=0x000002149bc65a00, Size=248, Default__Door_Animation_polySurface123_Blueprint_C Function /Game/Geometry/Animation_Door/Door_Animation_polySurface123_Blueprint.Door_Animation_polySurface123_Blueprint_C:ExecuteUbergraph_Door_Animation_polySurface123_Blueprint
[2019.10.25-16.29.30:259][  0]LogUObjectGlobals: Destroyed PersistentFrame Addr=0x000002149bc65a00, Size=248
[2019.10.25-16.29.30:259][  0]LogUObjectGlobals: Created PersistentFrame Addr=0x000002149bc65a00, Size=248, Default__Door_Animation_polySurface123_Blueprint_C Function /Engine/Transient.REINST_Door_Animation_polySurface123_Blueprint_C_10:ExecuteUbergraph_Door_Animation_polySurface123_Blueprint
[2019.10.25-16.29.30:262][  0]LogUObjectGlobals: Created PersistentFrame Addr=0x000002149bc64200, Size=248, Default__Door_Animation_polySurface123_Blueprint_C Function /Game/Geometry/Animation_Door/Door_Animation_polySurface123_Blueprint.Door_Animation_polySurface123_Blueprint_C:ExecuteUbergraph_Door_Animation_polySurface123_Blueprint
[2019.10.25-16.29.30:268][  0]LogUObjectGlobals: Created PersistentFrame Addr=0x000002149bc62b00, Size=200, Default__LightsOut_BP_C Function /Game/Geometry/Blueprints/LightsOut_BP.LightsOut_BP_C:ExecuteUbergraph_LightsOut_BP
[2019.10.25-16.29.30:274][  0]LogUObjectGlobals: Destroyed PersistentFrame Addr=0x000002149bc62b00, Size=200
[2019.10.25-16.29.30:274][  0]LogUObjectGlobals: Created PersistentFrame Addr=0x000002149bc62b00, Size=200, Default__LightsOut_BP_C Function /Engine/Transient.REINST_LightsOut_BP_C_12:ExecuteUbergraph_LightsOut_BP
[2019.10.25-16.29.30:277][  0]LogUObjectGlobals: Created PersistentFrame Addr=0x000002149bc61440, Size=200, Default__LightsOut_BP_C Function /Game/Geometry/Blueprints/LightsOut_BP.LightsOut_BP_C:ExecuteUbergraph_LightsOut_BP
[2019.10.25-16.29.30:507][  0]LogSkeletalMesh: Skeletal Mesh found in DDC [8.838400ms] /Game/Geometry/Animation_Door/Door_Animation_polySurface119.Door_Animation_polySurface119
[2019.10.25-16.29.30:535][  0]LogSkeletalMesh: Skeletal Mesh found in DDC [8.610400ms] /Game/Geometry/Animation_Door/Door_Animation_polySurface123.Door_Animation_polySurface123
[2019.10.25-16.29.30:562][  0]LogSkeletalMesh: Skeletal Mesh found in DDC [4.624700ms] /Game/FirstPerson/FPWeapon/Mesh/SK_FPGun.SK_FPGun
[2019.10.25-16.29.30:576][  0]LogSkeletalMesh: Skeletal Mesh found in DDC [6.863500ms] /Game/FirstPerson/Character/Mesh/SK_Mannequin_Arms.SK_Mannequin_Arms
[2019.10.25-16.29.30:604][  0]LogAIModule: Creating AISystem for world TestArea
[2019.10.25-16.29.30:622][  0]LogEditorServer: Finished looking for orphan Actors (0.000 secs)
[2019.10.25-16.29.30:637][  0]LogUObjectGlobals: Destroyed PersistentFrame Addr=0x000002149c1a5bc0, Size=72
[2019.10.25-16.29.30:637][  0]LogUObjectGlobals: Destroyed PersistentFrame Addr=0x000002149c1dfa00, Size=256
[2019.10.25-16.29.30:637][  0]LogUObjectGlobals: Destroyed PersistentFrame Addr=0x000002149bd4fc80, Size=848
[2019.10.25-16.29.30:637][  0]LogUObjectGlobals: Destroyed PersistentFrame Addr=0x000002149bc65a00, Size=248
[2019.10.25-16.29.30:637][  0]LogUObjectGlobals: Destroyed PersistentFrame Addr=0x000002149bc62b00, Size=200
[2019.10.25-16.29.30:639][  0]Cmd: MAP CHECKDEP NOCLEARLOG
[2019.10.25-16.29.30:707][  0]MapCheck: Map check complete: 0 Error(s), 0 Warning(s), took 68.201ms to complete.
[2019.10.25-16.29.30:707][  0]LogFileHelpers: Loading map 'TestArea' took 1.086
[2019.10.25-16.29.30:810][  0]LogStats: Warning: MetaData mismatch. Did you assign a stat to two groups? New //STATGROUP_Threads//SplashScreenThread///Thread_193c_0///####STATCAT_Advanced#### old //STATGROUP_Threads//SplashScreenThread///Thread_2be8_0///####STATCAT_Advanced####
[2019.10.25-16.29.30:810][  0]LogCollectionManager: Loaded 0 collections in 0.001254 seconds
[2019.10.25-16.29.30:851][  0]LogFileCache: Scanning file cache for directory 'D:/Aurora/Saved/Collections/' took 0.01s
[2019.10.25-16.29.30:851][  0]LogFileCache: Scanning file cache for directory 'D:/Aurora/Content/Developers/danielcollins/Collections/' took 0.01s
[2019.10.25-16.29.30:851][  0]LogFileCache: Scanning file cache for directory 'D:/Aurora/Content/Collections/' took 0.01s
[2019.10.25-16.29.30:851][  0]LogCollectionManager: Rebuilt the GUID cache for 0 collections in 0.000000 seconds
[2019.10.25-16.29.30:863][  0]LogContentBrowser: Native class hierarchy populated in 0.0112 seconds. Added 2452 classes and 558 folders.
[2019.10.25-16.29.30:874][  0]LogContentBrowser: Native class hierarchy updated for 'WidgetCarousel' in 0.0002 seconds. Added 0 classes and 0 folders.
[2019.10.25-16.29.31:175][  0]LogContentBrowser: Native class hierarchy updated for 'AddContentDialog' in 0.0002 seconds. Added 0 classes and 0 folders.
[2019.10.25-16.29.31:180][  0]LogContentBrowser: Native class hierarchy updated for 'SceneOutliner' in 0.0002 seconds. Added 1 classes and 2 folders.
[2019.10.25-16.29.31:210][  0]LogSlate: Took 0.000157 seconds to synchronously load lazily loaded font '../../../Engine/Content/Slate/Fonts/Roboto-Bold.ttf' (160K)
[2019.10.25-16.29.31:221][  0]LogSlate: Took 0.005635 seconds to synchronously load lazily loaded font '../../../Engine/Content/Editor/Slate/Fonts/FontAwesome.ttf' (139K)
[2019.10.25-16.29.31:336][  0]LogRenderer: Reallocating scene render targets to support 1072x500 Format 10 NumSamples 1 (Frame:1).
[2019.10.25-16.29.31:504][  0]LogContentBrowser: Native class hierarchy updated for 'HierarchicalLODOutliner' in 0.0002 seconds. Added 0 classes and 0 folders.
[2019.10.25-16.29.31:504][  0]LogLoad: (Engine Initialization) Total time: 86.85 seconds
[2019.10.25-16.29.31:504][  0]LogLoad: (Engine Initialization) Total Blueprint compile time: 0.00 seconds
[2019.10.25-16.29.31:532][  0]LogContentStreaming: Texture pool size now 1000 MB
[2019.10.25-16.29.31:619][  7]LogAssetRegistry: Asset discovery search completed in 78.0877 seconds
[2019.10.25-16.29.31:622][  7]LogCollectionManager: Rebuilt the object cache for 0 collections in 0.000000 seconds (found 0 objects)
[2019.10.25-16.29.31:622][  7]LogCollectionManager: Fixed up redirectors for 0 collections in 0.000073 seconds (updated 0 objects)
[2019.10.25-16.29.32:554][114]LogSlate: Took 0.005941 seconds to synchronously load lazily loaded font '../../../Engine/Content/Slate/Fonts/Roboto-Light.ttf' (167K)
[2019.10.25-16.29.49:739][962]LogSlate: FSceneViewport::OnFocusLost() reason 0
[2019.10.25-16.29.50:128][972]LogContentBrowser: Native class hierarchy updated for 'BlueprintGraph' in 0.0006 seconds. Added 116 classes and 0 folders.
[2019.10.25-16.29.50:362][972]LogUObjectGlobals: Created PersistentFrame Addr=0x00000214e0eaa418, Size=4, Default__SKEL_PROTO_BP_AnimBlueprint_0_C Function /Engine/Transient.SKEL_PROTO_BP_AnimBlueprint_0_C:ExecuteUbergraph_PROTO_BP_AnimBlueprint_0
[2019.10.25-16.29.50:362][972]LogUObjectGlobals: Created PersistentFrame Addr=0x00000214e0eaa410, Size=4, Default__PROTO_BP_AnimBlueprint_0_C Function /Engine/Transient.PROTO_BP_AnimBlueprint_0_C:ExecuteUbergraph_PROTO_BP_AnimBlueprint_0
[2019.10.25-16.29.50:752][972]LogSlate: Took 0.005912 seconds to synchronously load lazily loaded font '../../../Engine/Content/Slate/Fonts/Roboto-BoldCondensed.ttf' (158K)
[2019.10.25-16.29.50:969][973]LogSlate: Took 0.000186 seconds to synchronously load lazily loaded font '../../../Engine/Content/Slate/Fonts/Roboto-Italic.ttf' (157K)
[2019.10.25-16.29.53:494][151]LogSlate: Window 'FirstPersonCharacter' being destroyed
[2019.10.25-16.29.54:556][230]LogSlate: FSceneViewport::OnFocusLost() reason 0
[2019.10.25-16.30.14:128][446]LogSlate: FSceneViewport::OnFocusLost() reason 0
[2019.10.25-16.32.24:410][891]LogSlate: FSceneViewport::OnFocusLost() reason 0
[2019.10.25-16.32.24:509][903]LogTemp: Repeating last play command: Selected Viewport
[2019.10.25-16.32.24:553][903]LogPlayLevel: PlayLevel: No blueprints needed recompiling
[2019.10.25-16.32.24:556][903]PIE: New page: PIE session: TestArea (Oct 25, 2019, 6:32:24 AM)
[2019.10.25-16.32.24:556][903]LogPlayLevel: Creating play world package: /Game/Geometry/Maps/UEDPIE_0_TestArea
[2019.10.25-16.32.24:557][903]LogPlayLevel: PIE: StaticDuplicateObject took: (0.001420s)
[2019.10.25-16.32.24:558][903]LogAIModule: Creating AISystem for world TestArea
[2019.10.25-16.32.24:558][903]LogPlayLevel: PIE: World Init took: (0.000529s)
[2019.10.25-16.32.24:558][903]LogPlayLevel: PIE: Created PIE world by copying editor world from /Game/Geometry/Maps/TestArea.TestArea to /Game/Geometry/Maps/UEDPIE_0_TestArea.TestArea (0.002046s)
[2019.10.25-16.32.24:583][903]LogInit: XAudio2 using 'Digital Audio (S/PDIF) (Cirrus Logic CS4206B (AB 122))' : 2 channels at 48 kHz using 16 bits per sample (channel mask 0x3)
[2019.10.25-16.32.24:588][903]LogInit: FAudioDevice initialized.
[2019.10.25-16.32.24:639][903]LogUObjectGlobals: Created PersistentFrame Addr=0x00000214edbb92b8, Size=52, Default__FirstPersonHUD_C Function /Game/FirstPersonBP/Blueprints/FirstPersonHUD.FirstPersonHUD_C:ExecuteUbergraph_FirstPersonHUD
[2019.10.25-16.32.24:641][903]LogUObjectGlobals: Destroyed PersistentFrame Addr=0x00000214edbb92b8, Size=52
[2019.10.25-16.32.24:641][903]LogUObjectGlobals: Created PersistentFrame Addr=0x00000214edbb92b8, Size=52, Default__FirstPersonHUD_C Function /Engine/Transient.REINST_FirstPersonHUD_C_26:ExecuteUbergraph_FirstPersonHUD
[2019.10.25-16.32.24:642][903]LogUObjectGlobals: Created PersistentFrame Addr=0x00000214edbb8cd0, Size=52, Default__FirstPersonHUD_C Function /Game/FirstPersonBP/Blueprints/FirstPersonHUD.FirstPersonHUD_C:ExecuteUbergraph_FirstPersonHUD
[2019.10.25-16.32.24:651][903]LogLoad: Game class is 'FirstPersonGameMode_C'
[2019.10.25-16.32.24:653][903]PIE: Warning: Invalid Simulate Options: Body (Door_Animation_polySurface119_PhysicsAsset_4.SkeletalMeshComponent0 Door_Animation_polySurface119) is set to simulate physics but Collision Enabled is incompatible
[2019.10.25-16.32.24:653][903]PIE: Warning: Invalid Simulate Options: Body (Door_Animation_polySurface119_PhysicsAsset_4.SkeletalMeshComponent0 Door_Animation_polySurface119) is set to simulate physics but Collision Enabled is incompatible
[2019.10.25-16.32.24:653][903]LogWorld: Bringing World /Game/Geometry/Maps/UEDPIE_0_TestArea.TestArea up for play (max tick rate 0) at 2019.10.25-11.32.24
[2019.10.25-16.32.24:654][903]LogWorld: Bringing up level for play took: 0.001539
[2019.10.25-16.32.24:658][903]LogContentBrowser: Native class hierarchy updated for 'MovieSceneCapture' in 0.0003 seconds. Added 11 classes and 0 folders.
[2019.10.25-16.32.24:660][903]PIE: Play in editor start time for /Game/Geometry/Maps/UEDPIE_0_TestArea -0.344
[2019.10.25-16.33.25:629][130]LogUObjectGlobals: Destroyed PersistentFrame Addr=0x00000214edbb92b8, Size=52
[2019.10.25-16.34.31:649][389]LogSlate: FSceneViewport::OnFocusLost() reason 2
[2019.10.25-16.38.33:390][313]LogInit: XAudio2 using 'Headphones (Cirrus Logic CS4206B (AB 122))' : 2 channels at 48 kHz using 32 bits per sample (channel mask 0x3)
[2019.10.25-16.39.11:844][641]LogEditorViewport: Clicking on Actor (LMB): StaticMeshActor (keyCard)
[2019.10.25-16.39.58:388][680]LogSlate: FSceneViewport::OnFocusLost() reason 2
[2019.10.25-16.40.06:486][419]LogSlate: FSceneViewport::OnFocusLost() reason 0
[2019.10.25-16.40.17:179][607]LogSlate: FSceneViewport::OnFocusLost() reason 0
[2019.10.25-16.40.35:088][896]LogSlate: Window 'Pick Parent Class' being destroyed
[2019.10.25-16.40.55:210][165]LogRenderer: Reallocating scene render targets to support 1072x784 Format 10 NumSamples 1 (Frame:157).
[2019.10.25-16.40.55:663][211]LogSlate: Window 'KeyCard_BP*' being destroyed
[2019.10.25-16.41.21:926][431]LogFileHelpers: Editor autosave (incl. sublevels) for '/Game/Geometry/Maps/TestArea' took 0.016
[2019.10.25-16.41.21:927][431]OBJ SavePackage: Generating thumbnails for [0] asset(s) in package [/Game/Geometry/Blueprints/KeyCard_BP] ([1] browsable assets)...
[2019.10.25-16.41.21:927][431]OBJ SavePackage: Finished generating thumbnails for package [/Game/Geometry/Blueprints/KeyCard_BP]
[2019.10.25-16.41.21:927][431]Cmd: OBJ SAVEPACKAGE PACKAGE="/Game/Geometry/Blueprints/KeyCard_BP" FILE="D:/Aurora/Saved/Autosaves/Game/Geometry/Blueprints/KeyCard_BP_Auto1.uasset" SILENT=false AUTOSAVING=true
[2019.10.25-16.41.22:163][431]LogSavePackage: Save=218.60ms
[2019.10.25-16.41.22:163][431]LogSavePackage: Moving 'D:/Aurora/Saved/KeyCard_BP_Auto1B072D2964C0A69A944B65B937660910F.tmp' to 'D:/Aurora/Saved/Autosaves/Game/Geometry/Blueprints/KeyCard_BP_Auto1.uasset'
[2019.10.25-16.41.22:168][431]LogSavePackage: Display: Finished SavePackage D:/Aurora/Saved/Autosaves/Game/Geometry/Blueprints/KeyCard_BP_Auto1.uasset
[2019.10.25-16.41.22:169][431]LogFileHelpers: Auto-saving content packages took 0.242
[2019.10.25-16.41.34:217][106]LogEditorViewport: Clicking on Actor (LMB): StaticMeshActor (keyCard)
[2019.10.25-16.41.35:147][212]Cmd: DELETE
[2019.10.25-16.41.35:147][212]Cmd: ACTOR DELETE
[2019.10.25-16.41.35:166][212]LogEditorActor: Deleted Actor: StaticMeshActor
[2019.10.25-16.41.35:183][212]LogEditorActor: Deleted 1 Actors (0.035 secs)
[2019.10.25-16.41.37:069][436]LogSlate: FSceneViewport::OnFocusLost() reason 0
[2019.10.25-16.43.47:415][506]LogSlate: FSceneViewport::OnFocusLost() reason 0
[2019.10.25-16.43.47:502][513]BlueprintLog: New page: Compile KeyCard_BP
[2019.10.25-16.43.50:910][794]Cmd: OBJ SAVEPACKAGE PACKAGE="/Game/Geometry/Blueprints/KeyCard_BP" FILE="D:/Aurora/Content/Geometry/Blueprints/KeyCard_BP.uasset" SILENT=true
[2019.10.25-16.43.51:192][794]LogSavePackage: Save=259.83ms
[2019.10.25-16.43.51:192][794]LogSavePackage: Moving 'D:/Aurora/Saved/KeyCard_BP781B9529411CEBC7031C0AA5712A1BD5.tmp' to 'D:/Aurora/Content/Geometry/Blueprints/KeyCard_BP.uasset'
[2019.10.25-16.43.51:212][794]LogSavePackage: Display: Finished SavePackage D:/Aurora/Content/Geometry/Blueprints/KeyCard_BP.uasset
[2019.10.25-16.43.52:728][958]Cmd: OBJ SAVEPACKAGE PACKAGE="/Game/Geometry/Maps/TestArea" FILE="D:/Aurora/Content/Geometry/Maps/TestArea.umap" SILENT=true AUTOSAVING=false KEEPDIRTY=false
[2019.10.25-16.43.53:982][958]LogSavePackage: Save=1200.99ms
[2019.10.25-16.43.53:983][958]LogSavePackage: Moving 'D:/Aurora/Saved/TestArea8536069146AA9A35AF63ABB9B8A84A77.tmp' to 'D:/Aurora/Content/Geometry/Maps/TestArea.umap'
[2019.10.25-16.43.54:009][958]LogSavePackage: Display: Finished SavePackage D:/Aurora/Content/Geometry/Maps/TestArea.umap
[2019.10.25-16.43.54:211][958]Cmd: OBJ SAVEPACKAGE PACKAGE="/Game/Geometry/Maps/TestArea_BuiltData" FILE="D:/Aurora/Content/Geometry/Maps/TestArea_BuiltData.uasset" SILENT=true
[2019.10.25-16.43.54:427][958]LogSavePackage: Save=124.11ms
[2019.10.25-16.43.54:428][958]LogSavePackage: Moving 'D:/Aurora/Saved/TestArea_BuiltData539E849C434ED702F7DCF78FBFF6C321.tmp' to 'D:/Aurora/Content/Geometry/Maps/TestArea_BuiltData.uasset'
[2019.10.25-16.43.54:453][958]LogSavePackage: Display: Finished SavePackage D:/Aurora/Content/Geometry/Maps/TestArea_BuiltData.uasset
[2019.10.25-16.43.58:092][361]LogSlate: Window 'Aurora - Unreal Editor' being destroyed
[2019.10.25-16.43.58:418][362]Cmd: QUIT_EDITOR
[2019.10.25-16.43.59:221][362]LogWindowsTextInputMethodSystem: Display: IME system now deactivated.
[2019.10.25-16.43.59:248][362]LogSlate: Slate User Destroyed.  User Index 0, Is Virtual User: 0
[2019.10.25-16.43.59:249][362]LogExit: Preparing to exit.
[2019.10.25-16.44.00:024][362]LogExit: Editor shut down
[2019.10.25-16.44.00:027][362]LogExit: Transaction tracking system shut down
[2019.10.25-16.44.00:027][362]LogUObjectGlobals: Destroyed PersistentFrame Addr=0x00000214aabde250, Size=72
[2019.10.25-16.44.00:027][362]LogUObjectGlobals: Destroyed PersistentFrame Addr=0x000002149c1df300, Size=256
[2019.10.25-16.44.00:027][362]LogUObjectGlobals: Destroyed PersistentFrame Addr=0x000002149bd4e780, Size=848
[2019.10.25-16.44.00:027][362]LogUObjectGlobals: Destroyed PersistentFrame Addr=0x000002149bc64200, Size=248
[2019.10.25-16.44.00:027][362]LogUObjectGlobals: Destroyed PersistentFrame Addr=0x000002149bc61440, Size=200
[2019.10.25-16.44.00:031][362]LogUObjectGlobals: Destroyed PersistentFrame Addr=0x00000214edbb8cd0, Size=52
[2019.10.25-16.44.00:033][362]LogUObjectGlobals: Destroyed PersistentFrame Addr=0x00000214e0eaa418, Size=4
[2019.10.25-16.44.00:033][362]LogUObjectGlobals: Destroyed PersistentFrame Addr=0x00000214e0eaa410, Size=4
[2019.10.25-16.44.00:490][362]LogDirectoryWatcher: A directory notification for '../../../Engine/Content/' was aborted.
[2019.10.25-16.44.00:490][362]LogDirectoryWatcher: A directory notification for 'D:/Aurora/Content/' was aborted.
[2019.10.25-16.44.00:491][362]LogDirectoryWatcher: A directory notification for '../../Plugins/2D/Paper2D/Content/' was aborted.
[2019.10.25-16.44.00:491][362]LogDirectoryWatcher: A directory notification for '../../Plugins/Enterprise/DatasmithContent/Content/' was aborted.
[2019.10.25-16.44.00:491][362]LogDirectoryWatcher: A directory notification for '../../Plugins/Media/MediaCompositing/Content/' was aborted.
[2019.10.25-16.44.00:491][362]LogDirectoryWatcher: A directory notification for '../../Plugins/Runtime/AppleARKit/Content/' was aborted.
[2019.10.25-16.44.00:491][362]LogDirectoryWatcher: A directory notification for '../../Plugins/Runtime/Oculus/OculusVR/Content/' was aborted.
[2019.10.25-16.44.00:491][362]LogDirectoryWatcher: A directory notification for '../../Plugins/Runtime/Steam/SteamVR/Content/' was aborted.
[2019.10.25-16.44.00:602][362]LogExit: Object subsystem successfully closed.
[2019.10.25-16.44.00:621][362]LogShaderCompilers: Display: Shaders left to compile 0
[2019.10.25-16.44.00:624][362]LogD3D11RHI: Shutdown
[2019.10.25-16.44.00:624][362]LogD3D11RHI: CleanupD3DDevice
[2019.10.25-16.44.00:628][362]LogD3D11RHI: ~FD3D11DynamicRHI
[2019.10.25-16.44.00:656][362]LogModuleManager: Shutting down and abandoning module HierarchicalLODUtilities (580)
[2019.10.25-16.44.00:656][362]LogModuleManager: Shutting down and abandoning module MovieSceneCapture (578)
[2019.10.25-16.44.00:656][362]LogModuleManager: Shutting down and abandoning module BlueprintGraph (576)
[2019.10.25-16.44.00:656][362]LogModuleManager: Shutting down and abandoning module HierarchicalLODOutliner (574)
[2019.10.25-16.44.00:656][362]LogModuleManager: Shutting down and abandoning module SceneOutliner (572)
[2019.10.25-16.44.00:656][362]LogModuleManager: Shutting down and abandoning module AddContentDialog (570)
[2019.10.25-16.44.00:656][362]LogDirectoryWatcher: A directory notification for 'C:/Program Files/Epic Games/UE_4.19/FeaturePacks/' was aborted.
[2019.10.25-16.44.00:656][362]LogDirectoryWatcher: A directory notification for 'C:/Program Files/Epic Games/UE_4.19/Enterprise/FeaturePacks/' was aborted.
[2019.10.25-16.44.00:657][362]LogModuleManager: Shutting down and abandoning module WidgetCarousel (569)
[2019.10.25-16.44.00:657][362]LogModuleManager: Shutting down and abandoning module EditorWidgets (566)
[2019.10.25-16.44.00:657][362]LogModuleManager: Shutting down and abandoning module CollectionManager (564)
[2019.10.25-16.44.00:659][362]LogDirectoryWatcher: A directory notification for 'D:/Aurora/Content/Collections/' was aborted.
[2019.10.25-16.44.00:659][362]LogDirectoryWatcher: A directory notification for 'D:/Aurora/Content/Developers/danielcollins/Collections/' was aborted.
[2019.10.25-16.44.00:659][362]LogDirectoryWatcher: A directory notification for 'D:/Aurora/Saved/Collections/' was aborted.
[2019.10.25-16.44.00:659][362]LogModuleManager: Shutting down and abandoning module StatsViewer (562)
[2019.10.25-16.44.00:659][362]LogModuleManager: Shutting down and abandoning module FoliageEdit (560)
[2019.10.25-16.44.00:659][362]LogModuleManager: Shutting down and abandoning module LandscapeEditor (558)
[2019.10.25-16.44.00:659][362]LogModuleManager: Shutting down and abandoning module MeshPaintMode (556)
[2019.10.25-16.44.00:659][362]LogModuleManager: Shutting down and abandoning module SceneDepthPickerMode (554)
[2019.10.25-16.44.00:659][362]LogModuleManager: Shutting down and abandoning module ActorPickerMode (552)
[2019.10.25-16.44.00:659][362]LogModuleManager: Shutting down and abandoning module GeometryMode (550)
[2019.10.25-16.44.00:659][362]LogModuleManager: Shutting down and abandoning module TextureAlignMode (548)
[2019.10.25-16.44.00:659][362]LogModuleManager: Shutting down and abandoning module BspMode (546)
[2019.10.25-16.44.00:660][362]LogModuleManager: Shutting down and abandoning module PIEPreviewDeviceProfileSelector (544)
[2019.10.25-16.44.00:660][362]LogModuleManager: Shutting down and abandoning module HardwareSurvey (542)
[2019.10.25-16.44.00:660][362]LogModuleManager: Shutting down and abandoning module SequenceRecorderSections (540)
[2019.10.25-16.44.00:660][362]LogModuleManager: Shutting down and abandoning module AutomationWorker (538)
[2019.10.25-16.44.00:660][362]LogModuleManager: Shutting down and abandoning module AudioCaptureEditor (536)
[2019.10.25-16.44.00:660][362]LogModuleManager: Shutting down and abandoning module SequenceRecorder (535)
[2019.10.25-16.44.00:660][362]LogModuleManager: Shutting down and abandoning module MatineeToLevelSequence (532)
[2019.10.25-16.44.00:660][362]LogModuleManager: Shutting down and abandoning module LevelSequenceEditor (530)
[2019.10.25-16.44.00:660][362]LogModuleManager: Shutting down and abandoning module PlacementMode (529)
[2019.10.25-16.44.00:661][362]LogModuleManager: Shutting down and abandoning module MaterialEditor (528)
[2019.10.25-16.44.00:661][362]LogModuleManager: Shutting down and abandoning module WmfMediaFactory (524)
[2019.10.25-16.44.00:661][362]LogModuleManager: Shutting down and abandoning module WmfMediaEditor (522)
[2019.10.25-16.44.00:661][362]LogModuleManager: Shutting down and abandoning module MediaPlayerEditor (520)
[2019.10.25-16.44.00:663][362]LogModuleManager: Shutting down and abandoning module OpenExrWrapper (518)
[2019.10.25-16.44.00:663][362]LogModuleManager: Shutting down and abandoning module ImgMediaFactory (516)
[2019.10.25-16.44.00:663][362]LogModuleManager: Shutting down and abandoning module ImgMediaEditor (514)
[2019.10.25-16.44.00:663][362]LogModuleManager: Shutting down and abandoning module AvfMediaFactory (512)
[2019.10.25-16.44.00:663][362]LogModuleManager: Shutting down and abandoning module AvfMediaEditor (510)
[2019.10.25-16.44.00:663][362]LogModuleManager: Shutting down and abandoning module AndroidMediaFactory (508)
[2019.10.25-16.44.00:663][362]LogModuleManager: Shutting down and abandoning module AndroidMediaEditor (506)
[2019.10.25-16.44.00:663][362]LogModuleManager: Shutting down and abandoning module CharacterAI (504)
[2019.10.25-16.44.00:663][362]LogModuleManager: Shutting down and abandoning module SmartSnapping (502)
[2019.10.25-16.44.00:663][362]LogModuleManager: Shutting down and abandoning module SessionServices (500)
[2019.10.25-16.44.00:663][362]LogModuleManager: Shutting down and abandoning module ViewportSnapping (498)
[2019.10.25-16.44.00:663][362]LogModuleManager: Shutting down and abandoning module ViewportInteraction (496)
[2019.10.25-16.44.00:663][362]LogModuleManager: Shutting down and abandoning module ClothPainter (494)
[2019.10.25-16.44.00:663][362]LogModuleManager: Shutting down and abandoning module SkeletalMeshEditor (493)
[2019.10.25-16.44.00:664][362]LogModuleManager: Shutting down and abandoning module LogVisualizer (490)
[2019.10.25-16.44.00:664][362]LogModuleManager: Shutting down and abandoning module IntroTutorials (488)
[2019.10.25-16.44.00:665][362]LogModuleManager: Shutting down and abandoning module GameProjectGeneration (487)
[2019.10.25-16.44.00:666][362]LogModuleManager: Shutting down and abandoning module IOSPlatformEditor (484)
[2019.10.25-16.44.00:666][362]LogModuleManager: Shutting down and abandoning module HTML5PlatformEditor (482)
[2019.10.25-16.44.00:666][362]LogModuleManager: Shutting down and abandoning module AndroidPlatformEditor (480)
[2019.10.25-16.44.00:666][362]LogModuleManager: Shutting down and abandoning module AndroidDeviceDetection (479)
[2019.10.25-16.44.00:702][362]LogModuleManager: Shutting down and abandoning module WindowsPlatformEditor (476)
[2019.10.25-16.44.00:702][362]LogModuleManager: Shutting down and abandoning module IOSRuntimeSettings (474)
[2019.10.25-16.44.00:702][362]LogModuleManager: Shutting down and abandoning module AndroidRuntimeSettings (472)
[2019.10.25-16.44.00:702][362]LogModuleManager: Shutting down and abandoning module InputBindingEditor (470)
[2019.10.25-16.44.00:702][362]LogModuleManager: Shutting down and abandoning module MergeActors (468)
[2019.10.25-16.44.00:703][362]LogModuleManager: Shutting down and abandoning module LocalizationDashboard (466)
[2019.10.25-16.44.00:703][362]LogModuleManager: Shutting down and abandoning module LocalizationService (465)
[2019.10.25-16.44.00:703][362]LogModuleManager: Shutting down and abandoning module HardwareTargeting (462)
[2019.10.25-16.44.00:703][362]LogModuleManager: Shutting down and abandoning module DeviceProfileEditor (460)
[2019.10.25-16.44.00:703][362]LogModuleManager: Shutting down and abandoning module UndoHistory (458)
[2019.10.25-16.44.00:703][362]LogModuleManager: Shutting down and abandoning module XmlParser (456)
[2019.10.25-16.44.00:703][362]LogModuleManager: Shutting down and abandoning module Blutility (454)
[2019.10.25-16.44.00:703][362]LogModuleManager: Shutting down and abandoning module ProjectSettingsViewer (452)
[2019.10.25-16.44.00:703][362]LogModuleManager: Shutting down and abandoning module ProjectTargetPlatformEditor (451)
[2019.10.25-16.44.00:703][362]LogModuleManager: Shutting down and abandoning module EditorSettingsViewer (448)
[2019.10.25-16.44.00:703][362]LogModuleManager: Shutting down and abandoning module SettingsEditor (446)
[2019.10.25-16.44.00:704][362]LogModuleManager: Shutting down and abandoning module ProjectLauncher (444)
[2019.10.25-16.44.00:704][362]LogModuleManager: Shutting down and abandoning module SessionFrontend (442)
[2019.10.25-16.44.00:704][362]LogModuleManager: Shutting down and abandoning module ProfilerClient (440)
[2019.10.25-16.44.00:704][362]LogModuleManager: Shutting down and abandoning module DeviceManager (438)
[2019.10.25-16.44.00:704][362]LogModuleManager: Shutting down and abandoning module TargetDeviceServices (437)
[2019.10.25-16.44.00:768][362]LogModuleManager: Shutting down and abandoning module AutomationController (434)
[2019.10.25-16.44.00:768][362]LogModuleManager: Shutting down and abandoning module AutomationWindow (432)
[2019.10.25-16.44.00:769][362]LogModuleManager: Shutting down and abandoning module Layers (430)
[2019.10.25-16.44.00:770][362]LogModuleManager: Shutting down and abandoning module ComponentVisualizers (428)
[2019.10.25-16.44.00:770][362]LogModuleManager: Shutting down and abandoning module DetailCustomizations (426)
[2019.10.25-16.44.00:770][362]LogModuleManager: Shutting down and abandoning module PackagesDialog (424)
[2019.10.25-16.44.00:770][362]LogModuleManager: Shutting down and abandoning module Persona (422)
[2019.10.25-16.44.00:771][362]LogModuleManager: Shutting down and abandoning module AdvancedPreviewScene (421)
[2019.10.25-16.44.00:771][362]LogModuleManager: Shutting down and abandoning module AnimGraph (419)
[2019.10.25-16.44.00:771][362]LogModuleManager: Shutting down and abandoning module Kismet (416)
[2019.10.25-16.44.00:776][362]LogModuleManager: Shutting down and abandoning module GraphEditor (414)
[2019.10.25-16.44.00:776][362]LogModuleManager: Shutting down and abandoning module ClassViewer (412)
[2019.10.25-16.44.00:777][362]LogModuleManager: Shutting down and abandoning module Toolbox (410)
[2019.10.25-16.44.00:777][362]LogModuleManager: Shutting down and abandoning module ModuleUI (408)
[2019.10.25-16.44.00:778][362]LogModuleManager: Shutting down and abandoning module MovieSceneTools (406)
[2019.10.25-16.44.00:778][362]LogModuleManager: Shutting down and abandoning module OutputLog (404)
[2019.10.25-16.44.00:778][362]LogModuleManager: Shutting down and abandoning module GammaUI (402)
[2019.10.25-16.44.00:778][362]LogModuleManager: Shutting down and abandoning module Documentation (400)
[2019.10.25-16.44.00:779][362]LogModuleManager: Shutting down and abandoning module MovieSceneTracks (398)
[2019.10.25-16.44.00:779][362]LogModuleManager: Shutting down and abandoning module MovieScene (396)
[2019.10.25-16.44.00:779][362]LogModuleManager: Shutting down and abandoning module StreamingPauseRendering (394)
[2019.10.25-16.44.00:779][362]LogModuleManager: Shutting down and abandoning module LauncherPlatform (392)
[2019.10.25-16.44.00:779][362]LogModuleManager: Shutting down and abandoning module AnalyticsET (390)
[2019.10.25-16.44.00:779][362]LogModuleManager: Shutting down and abandoning module PortalServices (388)
[2019.10.25-16.44.00:779][362]LogModuleManager: Shutting down and abandoning module PortalRpc (386)
[2019.10.25-16.44.00:779][362]LogModuleManager: Shutting down and abandoning module MessagingRpc (384)
[2019.10.25-16.44.00:779][362]LogModuleManager: Shutting down and abandoning module AIModule (382)
[2019.10.25-16.44.00:779][362]LogModuleManager: Shutting down and abandoning module GameplayDebugger (381)
[2019.10.25-16.44.00:779][362]LogModuleManager: Shutting down and abandoning module AITestSuite (379)
[2019.10.25-16.44.00:779][362]LogModuleManager: Shutting down and abandoning module DesktopPlatform (376)
[2019.10.25-16.44.00:779][362]LogModuleManager: Shutting down and abandoning module ProfilerService (374)
[2019.10.25-16.44.00:948][362]LogModuleManager: Shutting down and abandoning module TaskGraph (372)
[2019.10.25-16.44.00:948][362]LogModuleManager: Shutting down and abandoning module SteamVRController (370)
[2019.10.25-16.44.00:948][362]LogModuleManager: Shutting down and abandoning module ProceduralMeshComponentEditor (368)
[2019.10.25-16.44.00:948][362]LogModuleManager: Shutting down and abandoning module ProceduralMeshComponent (366)
[2019.10.25-16.44.00:949][362]LogModuleManager: Shutting down and abandoning module OculusInput (364)
[2019.10.25-16.44.00:949][362]LogModuleManager: Shutting down and abandoning module MobilePatchingUtils (362)
[2019.10.25-16.44.00:949][362]LogModuleManager: Shutting down and abandoning module CustomMeshComponent (360)
[2019.10.25-16.44.00:949][362]LogModuleManager: Shutting down and abandoning module CableComponent (358)
[2019.10.25-16.44.00:949][362]LogModuleManager: Shutting down and abandoning module AudioCapture (356)
[2019.10.25-16.44.00:949][362]LogModuleManager: Shutting down and abandoning module ArchVisCharacter (354)
[2019.10.25-16.44.00:949][362]LogModuleManager: Shutting down and abandoning module AndroidPermission (352)
[2019.10.25-16.44.00:949][362]LogModuleManager: Shutting down and abandoning module NUTUnrealEngine4 (348)
[2019.10.25-16.44.00:949][362]LogModuleManager: Shutting down and abandoning module NetcodeUnitTest (346)
[2019.10.25-16.44.00:949][362]LogModuleManager: Shutting down and abandoning module MediaCompositingEditor (344)
[2019.10.25-16.44.00:949][362]LogModuleManager: Shutting down and abandoning module MediaCompositing (342)
[2019.10.25-16.44.00:949][362]LogModuleManager: Shutting down and abandoning module LinearTimecode (340)
[2019.10.25-16.44.00:949][362]LogModuleManager: Shutting down and abandoning module ImgMedia (338)
[2019.10.25-16.44.00:953][362]LogModuleManager: Shutting down and abandoning module HTML5Networking (336)
[2019.10.25-16.44.00:953][362]LogModuleManager: Shutting down and abandoning module AlembicImporter (334)
[2019.10.25-16.44.00:953][362]LogModuleManager: Shutting down and abandoning module AlembicLibrary (333)
[2019.10.25-16.44.00:953][362]LogModuleManager: Shutting down and abandoning module GeometryCache (332)
[2019.10.25-16.44.00:953][362]LogModuleManager: Shutting down and abandoning module GeometryCacheEd (331)
[2019.10.25-16.44.00:953][362]LogModuleManager: Shutting down and abandoning module DatasmithContent (326)
[2019.10.25-16.44.00:953][362]LogModuleManager: Shutting down and abandoning module SpeedTreeImporter (324)
[2019.10.25-16.44.00:953][362]LogModuleManager: Shutting down and abandoning module PluginBrowser (322)
[2019.10.25-16.44.00:953][362]LogModuleManager: Shutting down and abandoning module MobileLauncherProfileWizard (320)
[2019.10.25-16.44.00:954][362]LogModuleManager: Shutting down and abandoning module CryptoKeysOpenSSL (318)
[2019.10.25-16.44.00:954][362]LogModuleManager: Shutting down and abandoning module CryptoKeys (316)
[2019.10.25-16.44.00:954][362]LogModuleManager: Shutting down and abandoning module VisualStudioSourceCodeAccess (314)
[2019.10.25-16.44.00:954][362]LogModuleManager: Shutting down and abandoning module VisualStudioCodeSourceCodeAccess (312)
[2019.10.25-16.44.00:954][362]LogModuleManager: Shutting down and abandoning module UObjectPlugin (310)
[2019.10.25-16.44.00:954][362]LogModuleManager: Shutting down and abandoning module SubversionSourceControl (308)
[2019.10.25-16.44.00:954][362]LogModuleManager: Shutting down and abandoning module PerforceSourceControl (306)
[2019.10.25-16.44.00:954][362]LogModuleManager: Shutting down and abandoning module GitSourceControl (304)
[2019.10.25-16.44.00:954][362]LogModuleManager: Shutting down and abandoning module SourceControl (303)
[2019.10.25-16.44.00:954][362]LogModuleManager: Shutting down and abandoning module CLionSourceCodeAccess (300)
[2019.10.25-16.44.00:954][362]LogModuleManager: Shutting down and abandoning module LightPropagationVolumeEditor (298)
[2019.10.25-16.44.00:954][362]LogModuleManager: Shutting down and abandoning module PaperTiledImporter (296)
[2019.10.25-16.44.00:954][362]LogModuleManager: Shutting down and abandoning module PaperSpriteSheetImporter (294)
[2019.10.25-16.44.00:954][362]LogModuleManager: Shutting down and abandoning module Paper2DEditor (292)
[2019.10.25-16.44.00:955][362]LogModuleManager: Shutting down and abandoning module MeshPaint (291)
[2019.10.25-16.44.00:955][362]LogModuleManager: Shutting down and abandoning module RuntimePhysXCooking (288)
[2019.10.25-16.44.00:955][362]LogModuleManager: Shutting down and abandoning module PhysXVehiclesEditor (286)
[2019.10.25-16.44.00:955][362]LogModuleManager: Shutting down and abandoning module PhysXVehicles (284)
[2019.10.25-16.44.00:955][362]LogModuleManager: Shutting down and abandoning module OculusEditor (282)
[2019.10.25-16.44.00:955][362]LogModuleManager: Shutting down and abandoning module LocationServicesBPLibrary (280)
[2019.10.25-16.44.00:955][362]LogModuleManager: Shutting down and abandoning module ImmediatePhysicsEditor (278)
[2019.10.25-16.44.00:955][362]LogModuleManager: Shutting down and abandoning module ImmediatePhysics (276)
[2019.10.25-16.44.00:955][362]LogModuleManager: Shutting down and abandoning module ActorSequence (274)
[2019.10.25-16.44.00:955][362]LogModuleManager: Shutting down and abandoning module UdpMessaging (272)
[2019.10.25-16.44.01:056][362]LogModuleManager: Shutting down and abandoning module TcpMessaging (270)
[2019.10.25-16.44.01:156][362]LogModuleManager: Shutting down and abandoning module GameplayTagsEditor (268)
[2019.10.25-16.44.01:156][362]LogModuleManager: Shutting down and abandoning module FacialAnimationEditor (266)
[2019.10.25-16.44.01:156][362]LogModuleManager: Shutting down and abandoning module FacialAnimation (264)
[2019.10.25-16.44.01:156][362]LogModuleManager: Shutting down and abandoning module DataValidation (262)
[2019.10.25-16.44.01:156][362]LogModuleManager: Shutting down and abandoning module AssetManagerEditor (260)
[2019.10.25-16.44.01:157][362]LogModuleManager: Shutting down and abandoning module LevelEditor (259)
[2019.10.25-16.44.01:158][362]LogModuleManager: Shutting down and abandoning module PixelInspectorModule (258)
[2019.10.25-16.44.01:158][362]LogModuleManager: Shutting down and abandoning module CommonMenuExtensions (256)
[2019.10.25-16.44.01:158][362]LogModuleManager: Shutting down and abandoning module MainFrame (254)
[2019.10.25-16.44.01:158][362]LogModuleManager: Shutting down and abandoning module HotReload (253)
[2019.10.25-16.44.01:159][362]LogModuleManager: Shutting down and abandoning module ContentBrowser (249)
[2019.10.25-16.44.01:159][362]LogModuleManager: Shutting down and abandoning module TreeMap (247)
[2019.10.25-16.44.01:159][362]LogModuleManager: Shutting down and abandoning module LightPropagationVolumeRuntime (244)
[2019.10.25-16.44.01:159][362]LogModuleManager: Shutting down and abandoning module LiveLinkEditor (242)
[2019.10.25-16.44.01:159][362]LogModuleManager: Shutting down and abandoning module LiveLink (240)
[2019.10.25-16.44.01:546][362]LogModuleManager: Shutting down and abandoning module Paper2D (238)
[2019.10.25-16.44.01:546][362]LogModuleManager: Shutting down and abandoning module WindowsMoviePlayer (236)
[2019.10.25-16.44.01:546][362]LogModuleManager: Shutting down and abandoning module WmfMedia (234)
[2019.10.25-16.44.01:548][362]LogModuleManager: Shutting down and abandoning module Media (233)
[2019.10.25-16.44.01:554][362]LogModuleManager: Shutting down and abandoning module PacketHandler (230)
[2019.10.25-16.44.01:554][362]LogModuleManager: Shutting down and abandoning module ClothingSystemEditor (228)
[2019.10.25-16.44.01:554][362]LogModuleManager: Shutting down and abandoning module ClothingSystemRuntime (226)
[2019.10.25-16.44.01:555][362]LogModuleManager: Shutting down and abandoning module MediaAssets (224)
[2019.10.25-16.44.01:555][362]LogModuleManager: Shutting down and abandoning module Overlay (222)
[2019.10.25-16.44.01:555][362]LogModuleManager: Shutting down and abandoning module OverlayEditor (221)
[2019.10.25-16.44.01:555][362]LogModuleManager: Shutting down and abandoning module VREditor (218)
[2019.10.25-16.44.01:555][362]LogModuleManager: Shutting down and abandoning module StringTableEditor (216)
[2019.10.25-16.44.01:555][362]LogModuleManager: Shutting down and abandoning module GameplayTasksEditor (214)
[2019.10.25-16.44.01:555][362]LogModuleManager: Shutting down and abandoning module BehaviorTreeEditor (212)
[2019.10.25-16.44.01:556][362]LogModuleManager: Shutting down and abandoning module FunctionalTesting (210)
[2019.10.25-16.44.01:556][362]LogModuleManager: Shutting down and abandoning module CollisionAnalyzer (208)
[2019.10.25-16.44.01:556][362]LogModuleManager: Shutting down and abandoning module WorkspaceMenuStructure (207)
[2019.10.25-16.44.01:556][362]LogModuleManager: Shutting down and abandoning module UMG (204)
[2019.10.25-16.44.01:557][362]LogModuleManager: Shutting down and abandoning module UMGEditor (203)
[2019.10.25-16.44.01:558][362]LogModuleManager: Shutting down and abandoning module Sequencer (202)
[2019.10.25-16.44.01:559][362]LogModuleManager: Shutting down and abandoning module MessageLog (199)
[2019.10.25-16.44.01:559][362]LogModuleManager: Shutting down and abandoning module SlateReflector (194)
[2019.10.25-16.44.01:561][362]LogModuleManager: Shutting down and abandoning module Slate (192)
[2019.10.25-16.44.01:561][362]LogModuleManager: Shutting down and abandoning module EditorStyle (190)
[2019.10.25-16.44.01:562][362]LogModuleManager: Shutting down and abandoning module MRMesh (188)
[2019.10.25-16.44.01:562][362]LogModuleManager: Shutting down and abandoning module SourceCodeAccess (186)
[2019.10.25-16.44.01:562][362]LogModuleManager: Shutting down and abandoning module HeadMountedDisplay (184)
[2019.10.25-16.44.01:562][362]LogModuleManager: Shutting down and abandoning module XAudio2 (182)
[2019.10.25-16.44.01:562][362]LogModuleManager: Shutting down and abandoning module Networking (180)
[2019.10.25-16.44.01:562][362]LogModuleManager: Shutting down and abandoning module Core (178)
[2019.10.25-16.44.01:562][362]LogModuleManager: Shutting down and abandoning module LevelSequence (176)
[2019.10.25-16.44.01:563][362]LogModuleManager: Shutting down and abandoning module KismetCompiler (174)
[2019.10.25-16.44.01:563][362]LogModuleManager: Shutting down and abandoning module MeshUtilities (172)
[2019.10.25-16.44.01:563][362]LogModuleManager: Shutting down and abandoning module MeshMergeUtilities (171)
[2019.10.25-16.44.01:563][362]LogModuleManager: Shutting down and abandoning module MeshReductionInterface (170)
[2019.10.25-16.44.01:563][362]LogModuleManager: Shutting down and abandoning module SimplygonSwarm (169)
[2019.10.25-16.44.01:563][362]LogModuleManager: Shutting down and abandoning module SimplygonMeshReduction (167)
[2019.10.25-16.44.01:563][362]LogModuleManager: Shutting down and abandoning module QuadricMeshReduction (165)
[2019.10.25-16.44.01:563][362]LogModuleManager: Shutting down and abandoning module MaterialBaking (161)
[2019.10.25-16.44.01:563][362]LogModuleManager: Shutting down and abandoning module DirectoryWatcher (157)
[2019.10.25-16.44.01:564][362]LogModuleManager: Shutting down and abandoning module DerivedDataCache (154)
[2019.10.25-16.44.01:646][362]LogDerivedDataCache: Shutdown
[2019.10.25-16.44.01:646][362]LogModuleManager: Shutting down and abandoning module XGEController (152)
[2019.10.25-16.44.01:646][362]LogXGEController: Cleaning working directory: C:/Users/TEMP/AppData/Local/Temp/UnrealXGEWorkingDir/
[2019.10.25-16.44.01:646][362]LogModuleManager: Shutting down and abandoning module TargetPlatform (150)
[2019.10.25-16.44.01:646][362]LogModuleManager: Shutting down and abandoning module VulkanShaderFormat (149)
[2019.10.25-16.44.01:646][362]LogModuleManager: Shutting down and abandoning module ShaderFormatVectorVM (147)
[2019.10.25-16.44.01:647][362]LogModuleManager: Shutting down and abandoning module ShaderFormatOpenGL (145)
[2019.10.25-16.44.01:647][362]LogModuleManager: Shutting down and abandoning module ShaderFormatD3D (143)
[2019.10.25-16.44.01:647][362]LogModuleManager: Shutting down and abandoning module MetalShaderFormat (141)
[2019.10.25-16.44.01:648][362]LogModuleManager: Shutting down and abandoning module TextureFormatUncompressed (139)
[2019.10.25-16.44.01:648][362]LogModuleManager: Shutting down and abandoning module TextureFormatPVR (137)
[2019.10.25-16.44.01:648][362]LogModuleManager: Shutting down and abandoning module TextureFormatDXT (135)
[2019.10.25-16.44.01:648][362]LogModuleManager: Shutting down and abandoning module TextureFormatIntelISPCTexComp (133)
[2019.10.25-16.44.01:648][362]LogModuleManager: Shutting down and abandoning module TextureFormatASTC (131)
[2019.10.25-16.44.01:648][362]LogModuleManager: Shutting down and abandoning module ImageWrapper (130)
[2019.10.25-16.44.01:648][362]LogModuleManager: Shutting down and abandoning module TextureFormatAndroid (127)
[2019.10.25-16.44.01:648][362]LogModuleManager: Shutting down and abandoning module AudioFormatOpus (125)
[2019.10.25-16.44.01:648][362]LogModuleManager: Shutting down and abandoning module AudioFormatOgg (123)
[2019.10.25-16.44.01:648][362]LogModuleManager: Shutting down and abandoning module AudioFormatADPCM (121)
[2019.10.25-16.44.01:648][362]LogModuleManager: Shutting down and abandoning module LinuxTargetPlatform (119)
[2019.10.25-16.44.01:648][362]LogModuleManager: Shutting down and abandoning module LinuxServerTargetPlatform (117)
[2019.10.25-16.44.01:648][362]LogModuleManager: Shutting down and abandoning module LinuxNoEditorTargetPlatform (115)
[2019.10.25-16.44.01:648][362]LogModuleManager: Shutting down and abandoning module LinuxClientTargetPlatform (113)
[2019.10.25-16.44.01:648][362]LogModuleManager: Shutting down and abandoning module TVOSTargetPlatform (111)
[2019.10.25-16.44.01:648][362]LogModuleManager: Shutting down and abandoning module Messaging (109)
[2019.10.25-16.44.01:648][362]LogModuleManager: Shutting down and abandoning module IOSTargetPlatform (107)
[2019.10.25-16.44.01:648][362]LogModuleManager: Shutting down and abandoning module HTML5TargetPlatform (105)
[2019.10.25-16.44.01:648][362]LogModuleManager: Shutting down and abandoning module AndroidTargetPlatform (103)
[2019.10.25-16.44.01:648][362]LogModuleManager: Shutting down and abandoning module Android_PVRTCTargetPlatform (101)
[2019.10.25-16.44.01:648][362]LogModuleManager: Shutting down and abandoning module Android_MultiTargetPlatform (99)
[2019.10.25-16.44.01:648][362]LogModuleManager: Shutting down and abandoning module Android_ETC2TargetPlatform (97)
[2019.10.25-16.44.01:648][362]LogModuleManager: Shutting down and abandoning module Android_ETC1TargetPlatform (95)
[2019.10.25-16.44.01:648][362]LogModuleManager: Shutting down and abandoning module Android_ETC1aTargetPlatform (93)
[2019.10.25-16.44.01:648][362]LogModuleManager: Shutting down and abandoning module Android_DXTTargetPlatform (91)
[2019.10.25-16.44.01:648][362]LogModuleManager: Shutting down and abandoning module Android_ATCTargetPlatform (89)
[2019.10.25-16.44.01:648][362]LogModuleManager: Shutting down and abandoning module Android_ASTCTargetPlatform (87)
[2019.10.25-16.44.01:648][362]LogModuleManager: Shutting down and abandoning module WindowsTargetPlatform (85)
[2019.10.25-16.44.01:648][362]LogModuleManager: Shutting down and abandoning module WindowsServerTargetPlatform (83)
[2019.10.25-16.44.01:648][362]LogModuleManager: Shutting down and abandoning module WindowsNoEditorTargetPlatform (81)
[2019.10.25-16.44.01:648][362]LogModuleManager: Shutting down and abandoning module WindowsClientTargetPlatform (79)
[2019.10.25-16.44.01:648][362]LogModuleManager: Shutting down and abandoning module MacTargetPlatform (77)
[2019.10.25-16.44.01:648][362]LogModuleManager: Shutting down and abandoning module MacServerTargetPlatform (75)
[2019.10.25-16.44.01:648][362]LogModuleManager: Shutting down and abandoning module MacNoEditorTargetPlatform (73)
[2019.10.25-16.44.01:649][362]LogModuleManager: Shutting down and abandoning module MacClientTargetPlatform (71)
[2019.10.25-16.44.01:649][362]LogModuleManager: Shutting down and abandoning module AllDesktopTargetPlatform (69)
[2019.10.25-16.44.01:649][362]LogModuleManager: Shutting down and abandoning module InputCore (66)
[2019.10.25-16.44.01:649][362]LogModuleManager: Shutting down and abandoning module Settings (64)
[2019.10.25-16.44.01:649][362]LogModuleManager: Shutting down and abandoning module PhysXCooking (62)
[2019.10.25-16.44.01:649][362]LogModuleManager: Shutting down and abandoning module SteamVR (60)
[2019.10.25-16.44.01:649][362]LogModuleManager: Shutting down and abandoning module OculusHMD (58)
[2019.10.25-16.44.01:649][362]LogModuleManager: Shutting down and abandoning module ExampleDeviceProfileSelector (56)
[2019.10.25-16.44.01:649][362]LogModuleManager: Shutting down and abandoning module AppleARKit (54)
[2019.10.25-16.44.01:649][362]LogModuleManager: Shutting down and abandoning module AugmentedReality (51)
[2019.10.25-16.44.01:649][362]LogModuleManager: Shutting down and abandoning module OnlineBlueprintSupport (48)
[2019.10.25-16.44.01:649][362]LogModuleManager: Shutting down and abandoning module OnlineSubsystem (44)
[2019.10.25-16.44.01:649][362]LogModuleManager: Shutting down and abandoning module XMPP (43)
[2019.10.25-16.44.01:650][362]LogModuleManager: Shutting down and abandoning module HTTP (41)
[2019.10.25-16.44.01:650][362]LogHttp: Display: Http module shutting down, but needs to wait on 1 outstanding Http requests:
[2019.10.25-16.44.01:650][362]LogHttp: Display: 	verb=[POST] url=[https://datarouter.ol.epicgames.com/datarouter/api/v1/public/data?SessionID=%7BD5BF032B-4F42-8C12-8CCC-6CACBB17DC48%7D&AppID=UEEditor.Rocket.Release&AppVersion=4.19.2-4033788%2B%2B%2BUE4%2BRelease-4.19&UserID=31984a0445764ada37a666be4a4e8dbd%7C%7C2e3c57a2-b5db-4a4d-b739-2d0d7d795688&AppEnvironment=datacollector-binary&UploadType=eteventstream] status=Processing
[2019.10.25-16.44.01:656][362]LogModuleManager: Shutting down and abandoning module SSL (40)
[2019.10.25-16.44.01:657][362]LogModuleManager: Shutting down and abandoning module AnimationModifiers (36)
[2019.10.25-16.44.01:657][362]LogModuleManager: Shutting down and abandoning module PropertyEditor (35)
[2019.10.25-16.44.01:657][362]LogModuleManager: Shutting down and abandoning module AudioEditor (32)
[2019.10.25-16.44.01:658][362]LogModuleManager: Shutting down and abandoning module TextureCompressor (30)
[2019.10.25-16.44.01:658][362]LogModuleManager: Shutting down and abandoning module ShaderCore (28)
[2019.10.25-16.44.01:658][362]LogModuleManager: Shutting down and abandoning module Landscape (26)
[2019.10.25-16.44.01:658][362]LogModuleManager: Shutting down and abandoning module SlateRHIRenderer (24)
[2019.10.25-16.44.01:660][362]LogModuleManager: Shutting down and abandoning module OpenGLDrv (22)
[2019.10.25-16.44.01:661][362]LogModuleManager: Shutting down and abandoning module D3D11RHI (20)
[2019.10.25-16.44.01:661][362]LogModuleManager: Shutting down and abandoning module AnimGraphRuntime (18)
[2019.10.25-16.44.01:661][362]LogModuleManager: Shutting down and abandoning module Renderer (16)
[2019.10.25-16.44.01:661][362]LogModuleManager: Shutting down and abandoning module Engine (14)
[2019.10.25-16.44.01:661][362]LogModuleManager: Shutting down and abandoning module CoreUObject (12)
[2019.10.25-16.44.01:661][362]LogModuleManager: Shutting down and abandoning module NetworkFile (10)
[2019.10.25-16.44.01:661][362]LogModuleManager: Shutting down and abandoning module CookedIterativeFile (8)
[2019.10.25-16.44.01:661][362]LogModuleManager: Shutting down and abandoning module StreamingFile (6)
[2019.10.25-16.44.01:661][362]LogModuleManager: Shutting down and abandoning module SandboxFile (4)
[2019.10.25-16.44.01:661][362]LogModuleManager: Shutting down and abandoning module PakFile (2)
[2019.10.25-16.44.01:667][362]LogExit: Exiting.
[2019.10.25-16.44.01:692][362]Log file closed, 10/25/19 11:44:01
