Log file open, 10/16/19 17:37:25
LogWindows: Failed to load 'aqProf.dll' (GetLastError=126)
LogWindows: File 'aqProf.dll' does not exist
LogWindows: Failed to load 'VtuneApi.dll' (GetLastError=126)
LogWindows: File 'VtuneApi.dll' does not exist
LogWindows: Failed to load 'VtuneApi32e.dll' (GetLastError=126)
LogWindows: File 'VtuneApi32e.dll' does not exist
LogInit: Display: Running engine for game: Aurora
LogPlatformFile: Not using cached read wrapper
LogInit: Display: RandInit(39762755) SRandInit(39762755).
LogInit: Read version file with build ID '3944462'
LogInit: Overriding engine version to CL 4033788, compatible CL 3944462
LogInit: Registered custom module enumerator with build ID '3944462'
LogTaskGraph: Started task graph with 5 named threads and 23 total threads with 3 sets of task threads.
LogStats: Stats thread started at 0.406469
LogD3D11RHI: Aftermath initialized
LogICUInternationalization: Display: ICU TimeZone Detection - Raw Offset: -6:00, Platform Override: ''
LogModuleManager: Display: Found up-to-date module file ../../../Engine/Plugins/2D/Paper2D/Binaries/Win64/UE4Editor-Paper2D.dll (API version 3944462).
LogModuleManager: Display: Found up-to-date module file ../../../Engine/Plugins/2D/Paper2D/Binaries/Win64/UE4Editor-Paper2DEditor.dll (API version 3944462).
LogModuleManager: Display: Found up-to-date module file ../../../Engine/Plugins/2D/Paper2D/Binaries/Win64/UE4Editor-PaperSpriteSheetImporter.dll (API version 3944462).
LogModuleManager: Display: Found up-to-date module file ../../../Engine/Plugins/2D/Paper2D/Binaries/Win64/UE4Editor-PaperTiledImporter.dll (API version 3944462).
LogModuleManager: Display: Found up-to-date module file ../../../Engine/Plugins/2D/Paper2D/Binaries/Win64/UE4Editor-SmartSnapping.dll (API version 3944462).
LogModuleManager: Display: Found up-to-date module file ../../../Engine/Plugins/Blendables/LightPropagationVolume/Binaries/Win64/UE4Editor-LightPropagationVolumeRuntime.dll (API version 3944462).
LogModuleManager: Display: Found up-to-date module file ../../../Engine/Plugins/Blendables/LightPropagationVolume/Binaries/Win64/UE4Editor-LightPropagationVolumeEditor.dll (API version 3944462).
LogModuleManager: Display: Found up-to-date module file ../../../Engine/Plugins/Developer/CLionSourceCodeAccess/Binaries/Win64/UE4Editor-CLionSourceCodeAccess.dll (API version 3944462).
LogModuleManager: Display: Found up-to-date module file ../../../Engine/Plugins/Developer/GitSourceControl/Binaries/Win64/UE4Editor-GitSourceControl.dll (API version 3944462).
LogModuleManager: Display: Found up-to-date module file ../../../Engine/Plugins/Developer/PerforceSourceControl/Binaries/Win64/UE4Editor-PerforceSourceControl.dll (API version 3944462).
LogModuleManager: Display: Found up-to-date module file ../../../Engine/Plugins/Developer/SubversionSourceControl/Binaries/Win64/UE4Editor-SubversionSourceControl.dll (API version 3944462).
LogModuleManager: Display: Found up-to-date module file ../../../Engine/Plugins/Developer/UObjectPlugin/Binaries/Win64/UE4Editor-UObjectPlugin.dll (API version 3944462).
LogModuleManager: Display: Found up-to-date module file ../../../Engine/Plugins/Developer/VisualStudioCodeSourceCodeAccess/Binaries/Win64/UE4Editor-VisualStudioCodeSourceCodeAccess.dll (API version 3944462).
LogModuleManager: Display: Found up-to-date module file ../../../Engine/Plugins/Developer/VisualStudioSourceCodeAccess/Binaries/Win64/UE4Editor-VisualStudioSourceCodeAccess.dll (API version 3944462).
LogModuleManager: Display: Found up-to-date module file ../../../Engine/Plugins/Editor/AssetManagerEditor/Binaries/Win64/UE4Editor-AssetManagerEditor.dll (API version 3944462).
LogModuleManager: Display: Found up-to-date module file ../../../Engine/Plugins/Editor/CryptoKeys/Binaries/Win64/UE4Editor-CryptoKeys.dll (API version 3944462).
LogModuleManager: Display: Found up-to-date module file ../../../Engine/Plugins/Editor/CryptoKeys/Binaries/Win64/UE4Editor-CryptoKeysOpenSSL.dll (API version 3944462).
LogModuleManager: Display: Found up-to-date module file ../../../Engine/Plugins/Editor/DataValidation/Binaries/Win64/UE4Editor-DataValidation.dll (API version 3944462).
LogModuleManager: Display: Found up-to-date module file ../../../Engine/Plugins/Editor/FacialAnimation/Binaries/Win64/UE4Editor-FacialAnimation.dll (API version 3944462).
LogModuleManager: Display: Found up-to-date module file ../../../Engine/Plugins/Editor/FacialAnimation/Binaries/Win64/UE4Editor-FacialAnimationEditor.dll (API version 3944462).
LogModuleManager: Display: Found up-to-date module file ../../../Engine/Plugins/Editor/GameplayTagsEditor/Binaries/Win64/UE4Editor-GameplayTagsEditor.dll (API version 3944462).
LogModuleManager: Display: Found up-to-date module file ../../../Engine/Plugins/Editor/MobileLauncherProfileWizard/Binaries/Win64/UE4Editor-MobileLauncherProfileWizard.dll (API version 3944462).
LogModuleManager: Display: Found up-to-date module file ../../../Engine/Plugins/Editor/PluginBrowser/Binaries/Win64/UE4Editor-PluginBrowser.dll (API version 3944462).
LogModuleManager: Display: Found up-to-date module file ../../../Engine/Plugins/Editor/SpeedTreeImporter/Binaries/Win64/UE4Editor-SpeedTreeImporter.dll (API version 3944462).
LogModuleManager: Display: Found up-to-date module file ../../../Engine/Plugins/Enterprise/DatasmithContent/Binaries/Win64/UE4Editor-DatasmithContent.dll (API version 3944462).
LogModuleManager: Display: Found up-to-date module file ../../../Engine/Plugins/Experimental/AlembicImporter/Binaries/Win64/UE4Editor-AlembicImporter.dll (API version 3944462).
LogModuleManager: Display: Found up-to-date module file ../../../Engine/Plugins/Experimental/AlembicImporter/Binaries/Win64/UE4Editor-AlembicLibrary.dll (API version 3944462).
LogModuleManager: Display: Found up-to-date module file ../../../Engine/Plugins/Experimental/CharacterAI/Binaries/Win64/UE4Editor-CharacterAI.dll (API version 3944462).
LogModuleManager: Display: Found up-to-date module file ../../../Engine/Plugins/Experimental/HTML5Networking/Binaries/Win64/UE4Editor-HTML5Networking.dll (API version 3944462).
LogModuleManager: Display: Found up-to-date module file ../../../Engine/Plugins/Media/AndroidMedia/Binaries/Win64/UE4Editor-AndroidMediaEditor.dll (API version 3944462).
LogModuleManager: Display: Found up-to-date module file ../../../Engine/Plugins/Media/AndroidMedia/Binaries/Win64/UE4Editor-AndroidMediaFactory.dll (API version 3944462).
LogModuleManager: Display: Found up-to-date module file ../../../Engine/Plugins/Media/AvfMedia/Binaries/Win64/UE4Editor-AvfMediaEditor.dll (API version 3944462).
LogModuleManager: Display: Found up-to-date module file ../../../Engine/Plugins/Media/AvfMedia/Binaries/Win64/UE4Editor-AvfMediaFactory.dll (API version 3944462).
LogModuleManager: Display: Found up-to-date module file ../../../Engine/Plugins/Media/AvfMedia/Binaries/Win64/UE4Editor-AvfMediaFactory.dll (API version 3944462).
LogModuleManager: Display: Found up-to-date module file ../../../Engine/Plugins/Media/ImgMedia/Binaries/Win64/UE4Editor-ImgMedia.dll (API version 3944462).
LogModuleManager: Display: Found up-to-date module file ../../../Engine/Plugins/Media/ImgMedia/Binaries/Win64/UE4Editor-ImgMediaEditor.dll (API version 3944462).
LogModuleManager: Display: Found up-to-date module file ../../../Engine/Plugins/Media/ImgMedia/Binaries/Win64/UE4Editor-ImgMediaFactory.dll (API version 3944462).
LogModuleManager: Display: Found up-to-date module file ../../../Engine/Plugins/Media/ImgMedia/Binaries/Win64/UE4Editor-ImgMediaFactory.dll (API version 3944462).
LogModuleManager: Display: Found up-to-date module file ../../../Engine/Plugins/Media/ImgMedia/Binaries/Win64/UE4Editor-OpenExrWrapper.dll (API version 3944462).
LogModuleManager: Display: Found up-to-date module file ../../../Engine/Plugins/Media/LinearTimecode/Binaries/Win64/UE4Editor-LinearTimecode.dll (API version 3944462).
LogModuleManager: Display: Found up-to-date module file ../../../Engine/Plugins/Media/MediaCompositing/Binaries/Win64/UE4Editor-MediaCompositing.dll (API version 3944462).
LogModuleManager: Display: Found up-to-date module file ../../../Engine/Plugins/Media/MediaCompositing/Binaries/Win64/UE4Editor-MediaCompositingEditor.dll (API version 3944462).
LogModuleManager: Display: Found up-to-date module file ../../../Engine/Plugins/Media/MediaPlayerEditor/Binaries/Win64/UE4Editor-MediaPlayerEditor.dll (API version 3944462).
LogModuleManager: Display: Found up-to-date module file ../../../Engine/Plugins/Media/WmfMedia/Binaries/Win64/UE4Editor-WmfMedia.dll (API version 3944462).
LogModuleManager: Display: Found up-to-date module file ../../../Engine/Plugins/Media/WmfMedia/Binaries/Win64/UE4Editor-WmfMediaEditor.dll (API version 3944462).
LogModuleManager: Display: Found up-to-date module file ../../../Engine/Plugins/Media/WmfMedia/Binaries/Win64/UE4Editor-WmfMediaFactory.dll (API version 3944462).
LogModuleManager: Display: Found up-to-date module file ../../../Engine/Plugins/Media/WmfMedia/Binaries/Win64/UE4Editor-WmfMediaFactory.dll (API version 3944462).
LogModuleManager: Display: Found up-to-date module file ../../../Engine/Plugins/Messaging/TcpMessaging/Binaries/Win64/UE4Editor-TcpMessaging.dll (API version 3944462).
LogModuleManager: Display: Found up-to-date module file ../../../Engine/Plugins/Messaging/UdpMessaging/Binaries/Win64/UE4Editor-UdpMessaging.dll (API version 3944462).
LogModuleManager: Display: Found up-to-date module file ../../../Engine/Plugins/MovieScene/ActorSequence/Binaries/Win64/UE4Editor-ActorSequence.dll (API version 3944462).
LogModuleManager: Display: Found up-to-date module file ../../../Engine/Plugins/MovieScene/LevelSequenceEditor/Binaries/Win64/UE4Editor-LevelSequenceEditor.dll (API version 3944462).
LogModuleManager: Display: Found up-to-date module file ../../../Engine/Plugins/MovieScene/MatineeToLevelSequence/Binaries/Win64/UE4Editor-MatineeToLevelSequence.dll (API version 3944462).
LogModuleManager: Display: Found up-to-date module file ../../../Engine/Plugins/NetcodeUnitTest/NetcodeUnitTest/Binaries/Win64/UE4Editor-NetcodeUnitTest.dll (API version 3944462).
LogModuleManager: Display: Found up-to-date module file ../../../Engine/Plugins/NetcodeUnitTest/NUTUnrealEngine4/Binaries/Win64/UE4Editor-NUTUnrealEngine4.dll (API version 3944462).
LogModuleManager: Display: Found up-to-date module file ../../../Engine/Plugins/Online/OnlineSubsystem/Binaries/Win64/UE4Editor-OnlineSubsystem.dll (API version 3944462).
LogModuleManager: Display: Found up-to-date module file ../../../Engine/Plugins/Runtime/AndroidPermission/Binaries/Win64/UE4Editor-AndroidPermission.dll (API version 3944462).
LogModuleManager: Display: Found up-to-date module file ../../../Engine/Plugins/Online/OnlineSubsystemNull/Binaries/Win64/UE4Editor-OnlineSubsystemNull.dll (API version 3944462).
LogModuleManager: Display: Found up-to-date module file ../../../Engine/Plugins/Online/OnlineSubsystemUtils/Binaries/Win64/UE4Editor-OnlineSubsystemUtils.dll (API version 3944462).
LogModuleManager: Display: Found up-to-date module file ../../../Engine/Plugins/Online/OnlineSubsystemUtils/Binaries/Win64/UE4Editor-OnlineBlueprintSupport.dll (API version 3944462).
LogModuleManager: Display: Found up-to-date module file ../../../Engine/Plugins/Runtime/AndroidDeviceProfileSelector/Binaries/Win64/UE4Editor-AndroidDeviceProfileSelector.dll (API version 3944462).
LogModuleManager: Display: Found up-to-date module file ../../../Engine/Plugins/Runtime/AppleARKit/Binaries/Win64/UE4Editor-AppleARKit.dll (API version 3944462).
LogModuleManager: Display: Found up-to-date module file ../../../Engine/Plugins/Runtime/ProceduralMeshComponent/Binaries/Win64/UE4Editor-ProceduralMeshComponent.dll (API version 3944462).
LogModuleManager: Display: Found up-to-date module file ../../../Engine/Plugins/Runtime/ProceduralMeshComponent/Binaries/Win64/UE4Editor-ProceduralMeshComponentEditor.dll (API version 3944462).
LogModuleManager: Display: Found up-to-date module file ../../../Engine/Plugins/Animation/LiveLink/Binaries/Win64/UE4Editor-LiveLink.dll (API version 3944462).
LogModuleManager: Display: Found up-to-date module file ../../../Engine/Plugins/Animation/LiveLink/Binaries/Win64/UE4Editor-LiveLinkEditor.dll (API version 3944462).
LogModuleManager: Display: Found up-to-date module file ../../../Engine/Plugins/Runtime/ArchVisCharacter/Binaries/Win64/UE4Editor-ArchVisCharacter.dll (API version 3944462).
LogModuleManager: Display: Found up-to-date module file ../../../Engine/Plugins/Runtime/AudioCapture/Binaries/Win64/UE4Editor-AudioCapture.dll (API version 3944462).
LogModuleManager: Display: Found up-to-date module file ../../../Engine/Plugins/Runtime/AudioCapture/Binaries/Win64/UE4Editor-AudioCaptureEditor.dll (API version 3944462).
LogModuleManager: Display: Found up-to-date module file ../../../Engine/Plugins/Runtime/CableComponent/Binaries/Win64/UE4Editor-CableComponent.dll (API version 3944462).
LogModuleManager: Display: Found up-to-date module file ../../../Engine/Plugins/Runtime/CustomMeshComponent/Binaries/Win64/UE4Editor-CustomMeshComponent.dll (API version 3944462).
LogModuleManager: Display: Found up-to-date module file ../../../Engine/Plugins/Runtime/ExampleDeviceProfileSelector/Binaries/Win64/UE4Editor-ExampleDeviceProfileSelector.dll (API version 3944462).
LogModuleManager: Display: Found up-to-date module file ../../../Engine/Plugins/Runtime/ImmediatePhysics/Binaries/Win64/UE4Editor-ImmediatePhysics.dll (API version 3944462).
LogModuleManager: Display: Found up-to-date module file ../../../Engine/Plugins/Runtime/ImmediatePhysics/Binaries/Win64/UE4Editor-ImmediatePhysicsEditor.dll (API version 3944462).
LogModuleManager: Display: Found up-to-date module file ../../../Engine/Plugins/Runtime/LocationServicesBPLibrary/Binaries/Win64/UE4Editor-LocationServicesBPLibrary.dll (API version 3944462).
LogModuleManager: Display: Found up-to-date module file ../../../Engine/Plugins/Runtime/MobilePatchingUtils/Binaries/Win64/UE4Editor-MobilePatchingUtils.dll (API version 3944462).
LogModuleManager: Display: Found up-to-date module file ../../../Engine/Plugins/Runtime/Oculus/OculusVR/Binaries/Win64/UE4Editor-OculusHMD.dll (API version 3944462).
LogModuleManager: Display: Found up-to-date module file ../../../Engine/Plugins/Runtime/Oculus/OculusVR/Binaries/Win64/UE4Editor-OculusInput.dll (API version 3944462).
LogModuleManager: Display: Found up-to-date module file ../../../Engine/Plugins/Runtime/Oculus/OculusVR/Binaries/Win64/UE4Editor-OculusEditor.dll (API version 3944462).
LogModuleManager: Display: Found up-to-date module file ../../../Engine/Plugins/Runtime/PhysXVehicles/Binaries/Win64/UE4Editor-PhysXVehicles.dll (API version 3944462).
LogModuleManager: Display: Found up-to-date module file ../../../Engine/Plugins/Runtime/PhysXVehicles/Binaries/Win64/UE4Editor-PhysXVehiclesEditor.dll (API version 3944462).
LogModuleManager: Display: Found up-to-date module file ../../../Engine/Plugins/Runtime/RuntimePhysXCooking/Binaries/Win64/UE4Editor-RuntimePhysXCooking.dll (API version 3944462).
LogModuleManager: Display: Found up-to-date module file ../../../Engine/Plugins/Runtime/Steam/SteamVR/Binaries/Win64/UE4Editor-SteamVR.dll (API version 3944462).
LogModuleManager: Display: Found up-to-date module file ../../../Engine/Plugins/Runtime/Steam/SteamVR/Binaries/Win64/UE4Editor-SteamVRController.dll (API version 3944462).
LogModuleManager: Display: Found up-to-date module file ../../../Engine/Plugins/Runtime/WindowsMoviePlayer/Binaries/Win64/UE4Editor-WindowsMoviePlayer.dll (API version 3944462).
LogPluginManager: Mounting plugin Paper2D
LogPluginManager: Mounting plugin LiveLink
LogPluginManager: Mounting plugin LightPropagationVolume
LogPluginManager: Mounting plugin CLionSourceCodeAccess
LogPluginManager: Mounting plugin CodeLiteSourceCodeAccess
LogPluginManager: Mounting plugin GitSourceControl
LogPluginManager: Mounting plugin KDevelopSourceCodeAccess
LogPluginManager: Mounting plugin NullSourceCodeAccess
LogPluginManager: Mounting plugin PerforceSourceControl
LogPluginManager: Mounting plugin SubversionSourceControl
LogPluginManager: Mounting plugin UObjectPlugin
LogPluginManager: Mounting plugin VisualStudioCodeSourceCodeAccess
LogPluginManager: Mounting plugin VisualStudioSourceCodeAccess
LogPluginManager: Mounting plugin XCodeSourceCodeAccess
LogPluginManager: Mounting plugin AssetManagerEditor
LogPluginManager: Mounting plugin CryptoKeys
LogPluginManager: Mounting plugin DataValidation
LogPluginManager: Mounting plugin FacialAnimation
LogPluginManager: Mounting plugin GameplayTagsEditor
LogPluginManager: Mounting plugin MobileLauncherProfileWizard
LogPluginManager: Mounting plugin PluginBrowser
LogPluginManager: Mounting plugin SpeedTreeImporter
LogPluginManager: Mounting plugin DatasmithContent
LogPluginManager: Mounting plugin AlembicImporter
LogPluginManager: Mounting plugin CharacterAI
LogPluginManager: Mounting plugin HTML5Networking
LogPluginManager: Mounting plugin AndroidMedia
LogPluginManager: Mounting plugin AvfMedia
LogPluginManager: Mounting plugin ImgMedia
LogPluginManager: Mounting plugin LinearTimecode
LogPluginManager: Mounting plugin MediaCompositing
LogPluginManager: Mounting plugin MediaPlayerEditor
LogPluginManager: Mounting plugin WmfMedia
LogPluginManager: Mounting plugin TcpMessaging
LogPluginManager: Mounting plugin UdpMessaging
LogPluginManager: Mounting plugin ActorSequence
LogPluginManager: Mounting plugin LevelSequenceEditor
LogPluginManager: Mounting plugin MatineeToLevelSequence
LogPluginManager: Mounting plugin NetcodeUnitTest
LogPluginManager: Mounting plugin NUTUnrealEngine4
LogPluginManager: Mounting plugin OnlineSubsystemGooglePlay
LogPluginManager: Mounting plugin OnlineSubsystemIOS
LogPluginManager: Mounting plugin OnlineSubsystem
LogPluginManager: Mounting plugin OnlineSubsystemNull
LogPluginManager: Mounting plugin OnlineSubsystemUtils
LogPluginManager: Mounting plugin AndroidDeviceProfileSelector
LogPluginManager: Mounting plugin AndroidMoviePlayer
LogPluginManager: Mounting plugin AndroidPermission
LogPluginManager: Mounting plugin AppleARKit
LogPluginManager: Mounting plugin AppleMoviePlayer
LogPluginManager: Mounting plugin ArchVisCharacter
LogPluginManager: Mounting plugin AudioCapture
LogPluginManager: Mounting plugin CableComponent
LogPluginManager: Mounting plugin CustomMeshComponent
LogPluginManager: Mounting plugin ExampleDeviceProfileSelector
LogPluginManager: Mounting plugin GoogleCloudMessaging
LogPluginManager: Mounting plugin ImmediatePhysics
LogPluginManager: Mounting plugin IOSDeviceProfileSelector
LogPluginManager: Mounting plugin LinuxDeviceProfileSelector
LogPluginManager: Mounting plugin LocationServicesBPLibrary
LogPluginManager: Mounting plugin MobilePatchingUtils
LogPluginManager: Mounting plugin OculusVR
LogPluginManager: Plugin shader directory ../../../Engine/Plugins/Runtime/Oculus/OculusVR/Shaders found
LogPluginManager: Mapping shader source directory ../../../Engine/Plugins/Runtime/Oculus/OculusVR/Shaders to virtual directory /Plugin/OculusVR
LogPluginManager: Mounting plugin PhysXVehicles
LogPluginManager: Mounting plugin ProceduralMeshComponent
LogPluginManager: Mounting plugin RuntimePhysXCooking
LogPluginManager: Mounting plugin SteamVR
LogPluginManager: Mounting plugin WindowsMoviePlayer
LogStreaming: Display: Took  2.179s to configure plugins.
LogInit: Using libcurl 7.47.1
LogInit:  - built for x86_64-pc-win32
LogInit:  - supports SSL with OpenSSL/1.0.2g
LogInit:  - supports HTTP deflate (compression) using libz 1.2.8
LogInit:  - other features:
LogInit:      CURL_VERSION_SSL
LogInit:      CURL_VERSION_LIBZ
LogInit:      CURL_VERSION_IPV6
LogInit:      CURL_VERSION_ASYNCHDNS
LogInit:      CURL_VERSION_LARGEFILE
LogInit:      CURL_VERSION_IDN
LogInit:  CurlRequestOptions (configurable via config and command line):
LogInit:  - bVerifyPeer = false  - Libcurl will NOT verify peer certificate
LogInit:  - bUseHttpProxy = false  - Libcurl will NOT use HTTP proxy
LogInit:  - bDontReuseConnections = false  - Libcurl will reuse connections
LogInit:  - CertBundlePath = nullptr  - Libcurl will use whatever was configured at build time.
LogInit:  - MaxHostConnections = 16  - Libcurl will limit the number of connections to a host
LogInit:  - LocalHostAddr = Default
LogInit: WinSock: version 1.1 (2.2), MaxSocks=32767, MaxUdp=65467
LogInit: WinSock: I am 916-IAM-B-KING (172.23.16.82:0)
LogInit: Build: ++UE4+Release-4.19-CL-4033788
LogInit: Engine Version: 4.19.2-4033788+++UE4+Release-4.19
LogInit: Compatible Engine Version: 4.19.0-3944462+++UE4+Release-4.19
LogInit: Net CL: 3944462
LogDevObjectVersion: Number of dev versions registered: 18
LogDevObjectVersion:   Dev-Blueprints (B0D832E4-1F89-4F0D-ACCF-7EB736FD4AA2): 10
LogDevObjectVersion:   Dev-Build (E1C64328-A22C-4D53-A36C-8E866417BD8C): 0
LogDevObjectVersion:   Dev-Core (375EC13C-06E4-48FB-B500-84F0262A717E): 2
LogDevObjectVersion:   Dev-Editor (E4B068ED-F494-42E9-A231-DA0B2E46BB41): 23
LogDevObjectVersion:   Dev-Framework (CFFC743F-43B0-4480-9391-14DF171D2073): 33
LogDevObjectVersion:   Dev-Mobile (B02B49B5-BB20-44E9-A304-32B752E40360): 2
LogDevObjectVersion:   Dev-Networking (A4E4105C-59A1-49B5-A7C5-40C4547EDFEE): 0
LogDevObjectVersion:   Dev-Online (39C831C9-5AE6-47DC-9A44-9C173E1C8E7C): 0
LogDevObjectVersion:   Dev-Physics (78F01B33-EBEA-4F98-B9B4-84EACCB95AA2): 0
LogDevObjectVersion:   Dev-Platform (6631380F-2D4D-43E0-8009-CF276956A95A): 0
LogDevObjectVersion:   Dev-Rendering (12F88B9F-8875-4AFC-A67C-D90C383ABD29): 25
LogDevObjectVersion:   Dev-Sequencer (7B5AE74C-D270-4C10-A958-57980B212A5A): 6
LogDevObjectVersion:   Dev-VR (D7296918-1DD6-4BDD-9DE2-64A83CC13884): 1
LogDevObjectVersion:   Dev-LoadTimes (C2A15278-BFE7-4AFE-6C17-90FF531DF755): 1
LogDevObjectVersion:   Private-Geometry (6EACA3D4-40EC-4CC1-B786-8BED09428FC5): 2
LogDevObjectVersion:   Dev-AnimPhys (29E575DD-E0A3-4627-9D10-D276232CDCEA): 16
LogDevObjectVersion:   Dev-ReflectionCapture (6B266CEC-1EC7-4B8F-A30B-E4D90942FC07): 1
LogDevObjectVersion:   Dev-Automation (0DF73D61-A23F-47EA-B727-89E90C41499A): 1
LogInit: Compiled (64-bit): Apr 27 2018 02:06:57
LogInit: Compiled with Visual C++: 19.00.24215.01
LogInit: Build Configuration: Development
LogInit: Branch Name: ++UE4+Release-4.19
LogInit: Command Line: 
LogInit: Base Directory: C:/Program Files/Epic Games/UE_4.19/Engine/Binaries/Win64/
LogInit: Installed Engine Build: 1
LogStreaming: Display: Took  0.007s to delete old logs.
LogInit: Presizing for max 8388607 objects, including 0 objects not considered by GC, pre-allocating 0 bytes for permanent pool.
LogInit: Object subsystem initialized
[2019.10.16-22.37.27:990][  0]LogInit: Selected Device Profile: [Windows]
[2019.10.16-22.37.27:990][  0]LogInit: Applying CVar settings loaded from the selected device profile: [Windows]
[2019.10.16-22.37.28:051][  0]LogInit: Computer: 916-IAM-B-KING
[2019.10.16-22.37.28:051][  0]LogInit: User: danielcollins
[2019.10.16-22.37.28:051][  0]LogInit: CPU Page size=4096, Cores=4
[2019.10.16-22.37.28:051][  0]LogInit: High frequency timer resolution =10.000000 MHz
[2019.10.16-22.37.28:052][  0]LogMemory: Memory total: Physical=7.9GB (8GB approx)
[2019.10.16-22.37.28:052][  0]LogMemory: Platform Memory Stats for Windows
[2019.10.16-22.37.28:052][  0]LogMemory: Process Physical Memory: 274.50 MB used, 274.51 MB peak
[2019.10.16-22.37.28:052][  0]LogMemory: Process Virtual Memory: 264.48 MB used, 264.48 MB peak
[2019.10.16-22.37.28:052][  0]LogMemory: Physical Memory: 4430.07 MB used,  3702.07 MB free, 8132.14 MB total
[2019.10.16-22.37.28:052][  0]LogMemory: Virtual Memory: 4793.98 MB used,  3702.07 MB free, 134217728.00 MB total
[2019.10.16-22.37.28:261][  0]LogInit: Using OS detected language (en-US).
[2019.10.16-22.37.28:261][  0]LogInit: Using OS detected locale (en-US).
[2019.10.16-22.37.28:316][  0]LogTextLocalizationManager: No specific localization for 'en-US' exists, so the 'en' localization will be used.
[2019.10.16-22.37.28:741][  0]LogStreaming: Display: Took  0.480s to EndInitTextLocalization.
[2019.10.16-22.37.28:742][  0]LogInit: Setting process to per monitor DPI aware
[2019.10.16-22.37.28:849][  0]LogSlate: New Slate User Created.  User Index 0, Is Virtual User: 0
[2019.10.16-22.37.28:849][  0]LogSlate: Slate User Registered.  User Index 0, Is Virtual User: 0
[2019.10.16-22.37.30:401][  0]LogD3D11RHI: D3D11 adapters:
[2019.10.16-22.37.30:421][  0]LogD3D11RHI:    0. 'AMD RADEON R9 M290X' (Feature Level 11_0)
[2019.10.16-22.37.30:421][  0]LogD3D11RHI:       2029/0/4066 MB DedicatedVideo/DedicatedSystem/SharedSystem, Outputs:1, VendorId:0x1002
[2019.10.16-22.37.30:423][  0]LogD3D11RHI:    1. 'Microsoft Basic Render Driver' (Feature Level 11_0)
[2019.10.16-22.37.30:423][  0]LogD3D11RHI:       0/0/4066 MB DedicatedVideo/DedicatedSystem/SharedSystem, Outputs:0, VendorId:0x1414
[2019.10.16-22.37.30:423][  0]LogD3D11RHI: Chosen D3D11 Adapter: 0
[2019.10.16-22.37.30:429][  0]LogD3D11RHI: Creating new Direct3DDevice
[2019.10.16-22.37.30:429][  0]LogD3D11RHI:     GPU DeviceId: 0x6810 (for the marketing name, search the web for "GPU Device Id")
[2019.10.16-22.37.30:429][  0]LogWindows: EnumDisplayDevices:
[2019.10.16-22.37.30:429][  0]LogWindows:    0. 'AMD RADEON R9 M290X' (P:1 D:1)
[2019.10.16-22.37.30:429][  0]LogWindows:    1. 'AMD RADEON R9 M290X' (P:0 D:0)
[2019.10.16-22.37.30:429][  0]LogWindows:    2. 'AMD RADEON R9 M290X' (P:0 D:0)
[2019.10.16-22.37.30:429][  0]LogWindows:    3. 'AMD RADEON R9 M290X' (P:0 D:0)
[2019.10.16-22.37.30:429][  0]LogWindows:    4. 'AMD RADEON R9 M290X' (P:0 D:0)
[2019.10.16-22.37.30:429][  0]LogWindows:    5. 'AMD RADEON R9 M290X' (P:0 D:0)
[2019.10.16-22.37.30:430][  0]LogWindows: DebugString: GetVideoDriverDetailsInvalid PrimaryIsNotTheChoosenAdapter GetVideoDriverDetailsInvalid PrimaryIsNotTheChoosenAdapter GetVideoDriverDetailsInvalid PrimaryIsNotTheChoosenAdapter GetVideoDriverDetailsInvalid PrimaryIsNotTheChoosenAdapter GetVideoDriverDetailsInvalid PrimaryIsNotTheChoosenAdapter GetVideoDriverDetailsInvalid PrimaryIsNotTheChoosenAdapter FoundDriverCount:0 
[2019.10.16-22.37.30:430][  0]LogD3D11RHI:     Adapter Name: AMD RADEON R9 M290X
[2019.10.16-22.37.30:430][  0]LogD3D11RHI:   Driver Version: Unknown (internal:Unknown, unified:Unknown)
[2019.10.16-22.37.30:430][  0]LogD3D11RHI:      Driver Date: Unknown
[2019.10.16-22.37.30:430][  0]LogRHI: Texture pool is 1420 MB (70% of 2029 MB)
[2019.10.16-22.37.30:485][  0]LogD3D11RHI: Async texture creation enabled
[2019.10.16-22.37.30:514][  0]LogD3D11RHI: GPU Timing Frequency: 27.000000 (Debug: 2 1)
[2019.10.16-22.37.30:524][  0]LogShaderCompilers: Guid format shader working directory is 95 characters bigger than the processId version (D:/Aurora/Intermediate/Shaders/WorkingDirectory/13688/).
[2019.10.16-22.37.30:524][  0]LogShaderCompilers: Cleaned the shader compiler working directory 'C:/Users/TEMP.IAM.000.001.002.003.004.005.006.007.008.009.010.011.012.013/AppData/Local/Temp/UnrealShaderWorkingDir/BD8D5E79407B51F942B45F80001B6910/'.
[2019.10.16-22.37.31:371][  0]LogTemp: Display: Loaded TP AllDesktopTargetPlatform
[2019.10.16-22.37.31:382][  0]LogTemp: Display: Loaded TP MacClientTargetPlatform
[2019.10.16-22.37.31:393][  0]LogTemp: Display: Loaded TP MacNoEditorTargetPlatform
[2019.10.16-22.37.31:404][  0]LogTemp: Display: Loaded TP MacServerTargetPlatform
[2019.10.16-22.37.31:419][  0]LogTemp: Display: Loaded TP MacTargetPlatform
[2019.10.16-22.37.31:430][  0]LogTemp: Display: Loaded TP WindowsClientTargetPlatform
[2019.10.16-22.37.31:441][  0]LogTemp: Display: Loaded TP WindowsNoEditorTargetPlatform
[2019.10.16-22.37.31:452][  0]LogTemp: Display: Loaded TP WindowsServerTargetPlatform
[2019.10.16-22.37.31:457][  0]LogTemp: Display: Loaded TP WindowsTargetPlatform
[2019.10.16-22.37.31:467][  0]LogTemp: Display: Loaded TP Android_ASTCTargetPlatform
[2019.10.16-22.37.31:477][  0]LogTemp: Display: Loaded TP Android_ATCTargetPlatform
[2019.10.16-22.37.31:487][  0]LogTemp: Display: Loaded TP Android_DXTTargetPlatform
[2019.10.16-22.37.31:496][  0]LogTemp: Display: Loaded TP Android_ETC1aTargetPlatform
[2019.10.16-22.37.31:506][  0]LogTemp: Display: Loaded TP Android_ETC1TargetPlatform
[2019.10.16-22.37.31:515][  0]LogTemp: Display: Loaded TP Android_ETC2TargetPlatform
[2019.10.16-22.37.31:535][  0]LogTemp: Display: Loaded TP Android_MultiTargetPlatform
[2019.10.16-22.37.31:535][  0]LogTemp: Display: Loaded TP Android_PVRTCTargetPlatform
[2019.10.16-22.37.31:549][  0]LogTemp: Display: Loaded TP AndroidTargetPlatform
[2019.10.16-22.37.31:550][  0]LogTemp: Display: Loaded TP HTML5TargetPlatform
[2019.10.16-22.37.31:607][  0]LogTemp: Display: Loaded TP IOSTargetPlatform
[2019.10.16-22.37.31:618][  0]LogTemp: Display: Loaded TP TVOSTargetPlatform
[2019.10.16-22.37.31:627][  0]LogTemp: Display: Loaded TP LinuxClientTargetPlatform
[2019.10.16-22.37.31:637][  0]LogTemp: Display: Loaded TP LinuxNoEditorTargetPlatform
[2019.10.16-22.37.31:647][  0]LogTemp: Display: Loaded TP LinuxServerTargetPlatform
[2019.10.16-22.37.31:662][  0]LogTemp: Display: Loaded TP LinuxTargetPlatform
[2019.10.16-22.37.31:662][  0]LogTargetPlatformManager: Display: Building Assets For Windows
[2019.10.16-22.37.32:037][  0]LogXGEController: Cleaning working directory: C:/Users/TEMP.IAM.000.001.002.003.004.005.006.007.008.009.010.011.012.013/AppData/Local/Temp/UnrealXGEWorkingDir/
[2019.10.16-22.37.32:049][  0]LogShaderCompilers: Display: Using XGE Shader Compiler (Interception Interface).
[2019.10.16-22.37.33:542][  0]LogDerivedDataCache: Display: Max Cache Size: 512 MB
[2019.10.16-22.37.33:542][  0]LogDerivedDataCache: Display: Starting with empty Boot cache
[2019.10.16-22.37.33:542][  0]LogDerivedDataCache: FDerivedDataBackendGraph:  Pak pak cache file D:/Aurora/DerivedDataCache/DDC.ddp not found, will not use a pak cache.
[2019.10.16-22.37.33:542][  0]LogDerivedDataCache: Unable to find inner node Pak for hierarchical cache Hierarchy.
[2019.10.16-22.37.33:542][  0]LogDerivedDataCache: FDerivedDataBackendGraph:  CompressedPak pak cache file D:/Aurora/DerivedDataCache/Compressed.ddp not found, will not use a pak cache.
[2019.10.16-22.37.33:542][  0]LogDerivedDataCache: Unable to find inner node CompressedPak for hierarchical cache Hierarchy.
[2019.10.16-22.37.33:563][  0]LogDerivedDataCache: Display: Pak cache opened for reading ../../../Engine/DerivedDataCache/Compressed.ddp.
[2019.10.16-22.37.51:332][  0]LogWindowsTextInputMethodSystem: Display: IME system now deactivated.
[2019.10.16-22.37.51:341][  0]LogWindows: Windows GetLastError: The operation completed successfully. (0)
[2019.10.16-22.37.51:924][  0]LogWindows: Error: === Critical error: ===
[2019.10.16-22.37.51:925][  0]LogWindows: Error: 
[2019.10.16-22.37.51:925][  0]LogWindows: Error: Fatal error: [File:D:\Build\++UE4+Release-4.19+Compile\Sync\Engine\Source\Developer\DerivedDataCache\Private\FileSystemDerivedDataBackend.cpp] [Line: 69] 
[2019.10.16-22.37.51:925][  0]LogWindows: Error: Cache path C:/Users/TEMP.IAM.000.001.002.003.004.005.006.007.008.009.010.011.012.013/AppData/Local/UnrealEngine/Common/DerivedDataCache is longer than 119 characters...please adjust [DerivedDataBackendGraph] paths to be shorter (this leaves more room for cache keys).
[2019.10.16-22.37.51:925][  0]LogWindows: Error: 
[2019.10.16-22.37.51:925][  0]LogWindows: Error: 
[2019.10.16-22.37.51:925][  0]LogWindows: Error: [Callstack] 0x000000001A8A9129 KERNELBASE.dll!UnknownFunction []
[2019.10.16-22.37.51:925][  0]LogWindows: Error: [Callstack] 0x000000000E6D7884 UE4Editor-ApplicationCore.dll!UnknownFunction []
[2019.10.16-22.37.51:925][  0]LogWindows: Error: [Callstack] 0x00000000D9E36D9B UE4Editor-Core.dll!UnknownFunction []
[2019.10.16-22.37.51:925][  0]LogWindows: Error: [Callstack] 0x00000000D9D71949 UE4Editor-Core.dll!UnknownFunction []
[2019.10.16-22.37.51:925][  0]LogWindows: Error: [Callstack] 0x00000000BD929058 UE4Editor-DerivedDataCache.dll!UnknownFunction []
[2019.10.16-22.37.51:925][  0]LogWindows: Error: [Callstack] 0x00000000BD9367F7 UE4Editor-DerivedDataCache.dll!UnknownFunction []
[2019.10.16-22.37.51:925][  0]LogWindows: Error: [Callstack] 0x00000000BD9441A5 UE4Editor-DerivedDataCache.dll!UnknownFunction []
[2019.10.16-22.37.51:925][  0]LogWindows: Error: [Callstack] 0x00000000BD944C45 UE4Editor-DerivedDataCache.dll!UnknownFunction []
[2019.10.16-22.37.51:925][  0]LogWindows: Error: [Callstack] 0x00000000BD944499 UE4Editor-DerivedDataCache.dll!UnknownFunction []
[2019.10.16-22.37.51:925][  0]LogWindows: Error: [Callstack] 0x00000000BD944E17 UE4Editor-DerivedDataCache.dll!UnknownFunction []
[2019.10.16-22.37.51:925][  0]LogWindows: Error: [Callstack] 0x00000000BD943747 UE4Editor-DerivedDataCache.dll!UnknownFunction []
[2019.10.16-22.37.51:925][  0]LogWindows: Error: [Callstack] 0x00000000BD944F92 UE4Editor-DerivedDataCache.dll!UnknownFunction []
[2019.10.16-22.37.51:925][  0]LogWindows: Error: [Callstack] 0x00000000BD944842 UE4Editor-DerivedDataCache.dll!UnknownFunction []
[2019.10.16-22.37.51:925][  0]LogWindows: Error: [Callstack] 0x00000000BD944EA7 UE4Editor-DerivedDataCache.dll!UnknownFunction []
[2019.10.16-22.37.51:925][  0]LogWindows: Error: [Callstack] 0x00000000BD928303 UE4Editor-DerivedDataCache.dll!UnknownFunction []
[2019.10.16-22.37.51:925][  0]LogWindows: Error: [Callstack] 0x00000000BD93B616 UE4Editor-DerivedDataCache.dll!UnknownFunction []
[2019.10.16-22.37.51:925][  0]LogWindows: Error: [Callstack] 0x00000000BD9288E3 UE4Editor-DerivedDataCache.dll!UnknownFunction []
[2019.10.16-22.37.51:925][  0]LogWindows: Error: [Callstack] 0x00000000BD928A60 UE4Editor-DerivedDataCache.dll!UnknownFunction []
[2019.10.16-22.37.51:925][  0]LogWindows: Error: [Callstack] 0x00000000BD940FBF UE4Editor-DerivedDataCache.dll!UnknownFunction []
[2019.10.16-22.37.51:925][  0]LogWindows: Error: [Callstack] 0x00000000BD95315F UE4Editor-DerivedDataCache.dll!UnknownFunction []
[2019.10.16-22.37.51:925][  0]LogWindows: Error: [Callstack] 0x00000000D9E35F05 UE4Editor-Core.dll!UnknownFunction []
[2019.10.16-22.37.51:925][  0]LogWindows: Error: [Callstack] 0x00000000D9E35207 UE4Editor-Core.dll!UnknownFunction []
[2019.10.16-22.37.51:925][  0]LogWindows: Error: [Callstack] 0x00000000D9DC4538 UE4Editor-Core.dll!UnknownFunction []
[2019.10.16-22.37.51:925][  0]LogWindows: Error: [Callstack] 0x00000000D9DC456B UE4Editor-Core.dll!UnknownFunction []
[2019.10.16-22.37.51:925][  0]LogWindows: Error: [Callstack] 0x00000000C8BB12CE UE4Editor-Engine.dll!UnknownFunction []
[2019.10.16-22.37.51:925][  0]LogWindows: Error: [Callstack] 0x00000000939DD62F UE4Editor.exe!UnknownFunction []
[2019.10.16-22.37.51:925][  0]LogWindows: Error: [Callstack] 0x00000000939D69FA UE4Editor.exe!UnknownFunction []
[2019.10.16-22.37.51:925][  0]LogWindows: Error: [Callstack] 0x00000000939D6C4A UE4Editor.exe!UnknownFunction []
[2019.10.16-22.37.51:925][  0]LogWindows: Error: [Callstack] 0x00000000939E4177 UE4Editor.exe!UnknownFunction []
[2019.10.16-22.37.51:925][  0]LogWindows: Error: [Callstack] 0x00000000939E5B87 UE4Editor.exe!UnknownFunction []
[2019.10.16-22.37.51:925][  0]LogWindows: Error: [Callstack] 0x000000001BA87974 KERNEL32.DLL!UnknownFunction []
[2019.10.16-22.37.51:925][  0]LogWindows: Error: [Callstack] 0x000000001E5BA271 ntdll.dll!UnknownFunction []
[2019.10.16-22.37.51:925][  0]LogWindows: Error: [Callstack] 0x000000001E5BA271 ntdll.dll!UnknownFunction []
[2019.10.16-22.37.51:925][  0]LogWindows: Error: 
[2019.10.16-22.37.51:947][  0]LogExit: Executing StaticShutdownAfterError
[2019.10.16-22.37.51:953][  0]LogWindows: FPlatformMisc::RequestExit(1)
[2019.10.16-22.37.51:953][  0]Log file closed, 10/16/19 17:37:51
